2022-10-15T10:22:58.111Z - log: [Package] menu@1.0.0 enable
2022-10-15T10:22:58.114Z - log: [Package] profile@1.0.0 enable
2022-10-15T10:22:58.122Z - log: [Package] project@1.0.2 enable
2022-10-15T10:22:58.127Z - log: [Package] messages@1.0.0 enable
2022-10-15T10:22:58.134Z - log: [Package] program@1.0.0 enable
2022-10-15T10:22:58.147Z - log: [Package] tester@1.0.0 enable
2022-10-15T10:22:58.151Z - log: [Package] preferences@1.0.0 enable
2022-10-15T10:23:03.446Z - log: Load engine in E:\CocosDashboard\resources\.editors\Creator\3.6.1\resources\resources\3d\engine
2022-10-15T10:23:03.981Z - log: Register native engine in E:\CocosDashboard\resources\.editors\Creator\3.6.1\resources\resources\3d\engine\native
2022-10-15T10:23:03.984Z - log: [Package] engine@1.0.6 enable
2022-10-15T10:23:05.148Z - log: [Package] programming@1.0.0 enable
2022-10-15T10:23:05.354Z - warn: 
2022-10-15T10:23:05.427Z - warn: 
2022-10-15T10:23:05.631Z - log: [Package] device@1.0.1 enable
2022-10-15T10:23:05.680Z - log: [Package] ui-kit@1.0.1 enable
2022-10-15T10:23:05.713Z - log: [Package] engine-extends@1.0.0 enable
2022-10-15T10:23:05.816Z - log: [Package] asset-db@1.0.0 enable
2022-10-15T10:23:05.816Z - warn: 
2022-10-15T10:23:05.865Z - log: [Package] scene@1.0.0 enable
2022-10-15T10:23:06.273Z - log: [Package] server@1.0.0 enable
2022-10-15T10:23:06.375Z - log: [Package] utils@1.0.0 enable
2022-10-15T10:23:07.498Z - warn: Browserslist: caniuse-lite is outdated. Please run:
npx browserslist@latest --update-db

Why you should do it regularly:
https://github.com/browserslist/browserslist#browsers-data-updating
2022-10-15T10:23:10.957Z - warn: 
2022-10-15T10:23:10.958Z - warn: 
2022-10-15T10:23:10.958Z - warn: 
2022-10-15T10:23:10.981Z - warn: 
2022-10-15T10:23:10.981Z - warn: 
2022-10-15T10:23:10.981Z - warn: 
2022-10-15T10:23:13.142Z - warn: 
2022-10-15T10:23:13.223Z - log: [Package] preview@1.0.1 enable
2022-10-15T10:23:13.263Z - log: [Package] animator@1.0.0 enable
2022-10-15T10:23:13.305Z - log: pluginManager init: 0.118ms
2022-10-15T10:23:13.812Z - warn: 
2022-10-15T10:23:13.812Z - warn: 
2022-10-15T10:23:13.812Z - warn: 
2022-10-15T10:23:14.494Z - log: [Package] builder@1.3.3 enable
2022-10-15T10:23:14.553Z - log: [Package] shortcuts@1.0.1 enable
2022-10-15T10:23:14.583Z - log: [Package] animation-graph@1.0.0 enable
2022-10-15T10:23:14.615Z - log: [Package] about@1.0.0 enable
2022-10-15T10:23:14.658Z - log: [Package] assets@1.0.0 enable
2022-10-15T10:23:14.704Z - log: [Package] console@1.0.0 enable
2022-10-15T10:23:15.038Z - log: [Package] extension@3.0.16 enable
2022-10-15T10:23:15.068Z - log: [Package] hierarchy@1.0.0 enable
2022-10-15T10:23:15.098Z - log: [Package] inspector@1.0.0 enable
2022-10-15T10:23:15.128Z - log: [Package] lightmap@1.0.4 enable
2022-10-15T10:23:15.662Z - log: [Package] localization-editor@1.0.0 enable
2022-10-15T10:23:15.673Z - log: [Build-plugin] register pkg localization-editor: 6.839ms
2022-10-15T10:23:15.699Z - log: [Package] node-library@1.0.1 enable
2022-10-15T10:23:15.722Z - log: [Package] package-asset@1.0.0 enable
2022-10-15T10:23:15.749Z - log: [Package] process@1.0.0 enable
2022-10-15T10:23:15.781Z - log: [Package] reference-image@1.0.0 enable
2022-10-15T10:23:15.804Z - log: [Package] alipay-mini-game@1.0.1 enable
2022-10-15T10:23:15.805Z - log: [Build-plugin] register pkg alipay-mini-game: 1.346ms
2022-10-15T10:23:15.829Z - log: [Package] android@1.0.1 enable
2022-10-15T10:23:15.835Z - log: [Build-plugin] register pkg android: 5.592ms
2022-10-15T10:23:15.858Z - log: [Package] baidu-mini-game@1.0.1 enable
2022-10-15T10:23:15.861Z - log: [Build-plugin] register pkg baidu-mini-game: 3.342ms
2022-10-15T10:23:15.939Z - log: [Package] bytedance-mini-game@1.0.2 enable
2022-10-15T10:23:15.942Z - log: [Build-plugin] register pkg bytedance-mini-game: 2.766ms
2022-10-15T10:23:15.964Z - log: [Package] certificate@1.0.0 enable
2022-10-15T10:23:15.986Z - log: [Package] channel-upload-tools@1.0.0 enable
2022-10-15T10:23:16.008Z - log: [Package] cocos-play@1.0.1 enable
2022-10-15T10:23:16.013Z - log: [Build-plugin] register pkg cocos-play: 4.287ms
2022-10-15T10:23:16.036Z - log: [Package] huawei-agc@1.0.0 enable
2022-10-15T10:23:16.040Z - log: [Build-plugin] register pkg huawei-agc: 2.983ms
2022-10-15T10:23:16.063Z - log: [Package] huawei-quick-game@1.0.1 enable
2022-10-15T10:23:16.066Z - log: [Build-plugin] register pkg huawei-quick-game: 3.526ms
2022-10-15T10:23:16.091Z - log: [Package] ios@1.0.0 enable
2022-10-15T10:23:16.094Z - log: [Build-plugin] register pkg ios: 3.015ms
2022-10-15T10:23:16.115Z - log: [Package] linux@1.0.0 enable
2022-10-15T10:23:16.116Z - log: [Build-plugin] register pkg linux: 0.834ms
2022-10-15T10:23:16.140Z - log: [Package] mac@1.0.0 enable
2022-10-15T10:23:16.143Z - log: [Build-plugin] register pkg mac: 3.721ms
2022-10-15T10:23:16.451Z - log: [Package] native@1.0.2 enable
2022-10-15T10:23:16.459Z - log: [Build-plugin] register pkg native: 7.105ms
2022-10-15T10:23:16.482Z - log: [Package] ohos@1.0.0 enable
2022-10-15T10:23:16.485Z - log: [Build-plugin] register pkg ohos: 3.234ms
2022-10-15T10:23:16.508Z - log: [Package] open-harmonyos@1.0.0 enable
2022-10-15T10:23:16.509Z - log: [Build-plugin] register pkg open-harmonyos: 1.186ms
2022-10-15T10:23:16.532Z - log: [Package] oppo-mini-game@1.0.1 enable
2022-10-15T10:23:16.536Z - log: [Build-plugin] register pkg oppo-mini-game: 3.843ms
2022-10-15T10:23:16.558Z - log: [Package] runtime-dev-tools@1.0.0 enable
2022-10-15T10:23:16.581Z - log: [Package] vivo-mini-game@1.0.1 enable
2022-10-15T10:23:16.585Z - log: [Build-plugin] register pkg vivo-mini-game: 3.623ms
2022-10-15T10:23:16.642Z - log: [Package] web-desktop@1.0.1 enable
2022-10-15T10:23:16.645Z - log: [Build-plugin] register pkg web-desktop: 2.926ms
2022-10-15T10:23:16.674Z - log: [Package] web-mobile@1.0.1 enable
2022-10-15T10:23:16.678Z - log: [Build-plugin] register pkg web-mobile: 3.227ms
2022-10-15T10:23:16.707Z - log: [Package] wechatgame@1.0.2 enable
2022-10-15T10:23:16.710Z - log: [Build-plugin] register pkg wechatgame: 3.498ms
2022-10-15T10:23:16.734Z - log: [Package] windows@1.0.1 enable
2022-10-15T10:23:16.738Z - log: [Build-plugin] register pkg windows: 3.5ms
2022-10-15T10:23:16.761Z - log: [Package] xiaomi-quick-game@1.0.1 enable
2022-10-15T10:23:16.764Z - log: [Build-plugin] register pkg xiaomi-quick-game: 3.516ms
2022-10-15T10:23:17.134Z - log: [Package] cocos-service@3.0.4 enable
2022-10-15T10:23:17.139Z - log: [Build-plugin] register pkg cocos-service: 2.337ms
2022-10-15T10:23:17.548Z - log: [Im-plugin] Check im-plugin version.
2022-10-15T10:23:17.553Z - log: [Package] im-plugin@3.0.9 enable
2022-10-15T10:23:18.692Z - log: [Im-plugin] No online info of im-plugin.
2022-10-15T10:23:21.396Z - log: [Scene] Please specifiy a default value for "cc.EditorExtendable.__editorExtras__" property at its declaration:

 
// Before:
@property(...)
myProp;
// After:
@property(...)
myProp = 0;
2022-10-15T10:23:21.421Z - log: [Scene] Please specifiy a default value for "CCPropertyOverrideInfo.value" property at its declaration:

 
// Before:
@property(...)
myProp;
// After:
@property(...)
myProp = 0;
2022-10-15T10:23:21.422Z - log: [Scene] Please specifiy a default value for "cc.PrefabInfo.asset" property at its declaration:

 
// Before:
@property(...)
myProp;
// After:
@property(...)
myProp = 0;
2022-10-15T10:23:21.422Z - log: [Scene] Please specifiy a default value for "cc.PrefabInfo.nestedPrefabInstanceRoots" property at its declaration:

 
// Before:
@property(...)
myProp;
// After:
@property(...)
myProp = 0;
2022-10-15T10:23:21.425Z - log: [Scene] The 'default' attribute of 'ColorDesc.beginAccesses' must be an array
2022-10-15T10:23:21.426Z - log: [Scene] The 'default' attribute of 'ColorDesc.endAccesses' must be an array
2022-10-15T10:23:21.440Z - log: [Scene] Please specifiy a default value for "cc.animation.TrackBinding.proxy" property at its declaration:

 
// Before:
@property(...)
myProp;
// After:
@property(...)
myProp = 0;
2022-10-15T10:23:21.440Z - log: [Scene] Please specifiy a default value for "cc.animation.Channel._curve" property at its declaration:

 
// Before:
@property(...)
myProp;
// After:
@property(...)
myProp = 0;
2022-10-15T10:23:21.441Z - log: [Scene] Please specifiy a default value for "cc.animation.SingleChannelTrack._channel" property at its declaration:

 
// Before:
@property(...)
myProp;
// After:
@property(...)
myProp = 0;
2022-10-15T10:23:21.441Z - log: [Scene] Please specifiy a default value for "cc.animation.VectorTrack._channels" property at its declaration:

 
// Before:
@property(...)
myProp;
// After:
@property(...)
myProp = 0;
2022-10-15T10:23:21.442Z - log: [Scene] Please specifiy a default value for "cc.animation.ColorTrack._channels" property at its declaration:

 
// Before:
@property(...)
myProp;
// After:
@property(...)
myProp = 0;
2022-10-15T10:23:21.442Z - log: [Scene] Please specifiy a default value for "cc.animation.SizeTrack._channels" property at its declaration:

 
// Before:
@property(...)
myProp;
// After:
@property(...)
myProp = 0;
2022-10-15T10:23:21.442Z - log: [Scene] Please specifiy a default value for "cc.animation.Transition.from" property at its declaration:

 
// Before:
@property(...)
myProp;
// After:
@property(...)
myProp = 0;
2022-10-15T10:23:21.442Z - log: [Scene] Please specifiy a default value for "cc.animation.Transition.to" property at its declaration:

 
// Before:
@property(...)
myProp;
// After:
@property(...)
myProp = 0;
2022-10-15T10:23:21.443Z - log: [Scene] Please specifiy a default value for "cc.animation.StateMachine._entryState" property at its declaration:

 
// Before:
@property(...)
myProp;
// After:
@property(...)
myProp = 0;
2022-10-15T10:23:21.443Z - log: [Scene] Please specifiy a default value for "cc.animation.StateMachine._exitState" property at its declaration:

 
// Before:
@property(...)
myProp;
// After:
@property(...)
myProp = 0;
2022-10-15T10:23:21.443Z - log: [Scene] Please specifiy a default value for "cc.animation.StateMachine._anyState" property at its declaration:

 
// Before:
@property(...)
myProp;
// After:
@property(...)
myProp = 0;
2022-10-15T10:23:21.443Z - log: [Scene] Please specifiy a default value for "cc.animation.Layer._stateMachine" property at its declaration:

 
// Before:
@property(...)
myProp;
// After:
@property(...)
myProp = 0;
2022-10-15T10:23:21.444Z - log: [Scene] Please specifiy a default value for "cc.animation.ExoticVectorLikeTrackValues._values" property at its declaration:

 
// Before:
@property(...)
myProp;
// After:
@property(...)
myProp = 0;
2022-10-15T10:23:21.444Z - log: [Scene] Please specifiy a default value for "cc.animation.ExoticVectorLikeTrackValues._isQuantized" property at its declaration:

 
// Before:
@property(...)
myProp;
// After:
@property(...)
myProp = 0;
2022-10-15T10:23:21.444Z - log: [Scene] Please specifiy a default value for "cc.animation.ExoticTrack.times" property at its declaration:

 
// Before:
@property(...)
myProp;
// After:
@property(...)
myProp = 0;
2022-10-15T10:23:21.444Z - log: [Scene] Please specifiy a default value for "cc.animation.ExoticTrack.values" property at its declaration:

 
// Before:
@property(...)
myProp;
// After:
@property(...)
myProp = 0;
2022-10-15T10:23:21.444Z - log: [Scene] Please specifiy a default value for "cc.animation.QuantizedFloatArray.originalPrecision" property at its declaration:

 
// Before:
@property(...)
myProp;
// After:
@property(...)
myProp = 0;
2022-10-15T10:23:21.444Z - log: [Scene] Please specifiy a default value for "cc.animation.QuantizedFloatArray.min" property at its declaration:

 
// Before:
@property(...)
myProp;
// After:
@property(...)
myProp = 0;
2022-10-15T10:23:21.444Z - log: [Scene] Please specifiy a default value for "cc.animation.QuantizedFloatArray.extent" property at its declaration:

 
// Before:
@property(...)
myProp;
// After:
@property(...)
myProp = 0;
2022-10-15T10:23:21.444Z - log: [Scene] Please specifiy a default value for "cc.animation.QuantizedFloatArray.values" property at its declaration:

 
// Before:
@property(...)
myProp;
// After:
@property(...)
myProp = 0;
2022-10-15T10:23:21.480Z - log: [Scene] 'cc.ParticleSystem2D.color' hides inherited property 'cc.UIRenderer.color'. To make the current property override that implementation, add the `override: true` attribute please.
2022-10-15T10:23:21.564Z - log: [Scene] No needs to indicate the 'cc.Boolean' attribute for "cc.Terrain._receiveShadow", which its default value is type of Boolean.
2022-10-15T10:23:21.564Z - log: [Scene] No needs to indicate the 'cc.Boolean' attribute for "cc.Terrain._useNormalmap", which its default value is type of Boolean.
2022-10-15T10:23:21.565Z - log: [Scene] No needs to indicate the 'cc.Boolean' attribute for "cc.Terrain._usePBR", which its default value is type of Boolean.
2022-10-15T10:23:21.565Z - log: [Scene] No needs to indicate the 'cc.Boolean' attribute for "cc.Terrain._lodEnable", which its default value is type of Boolean.
2022-10-15T10:23:21.931Z - info: [Scene] [Physics][Bullet]: Using asmjs Bullet libs.
2022-10-15T10:23:21.942Z - info: [Scene] [PHYSICS]: using builtin.
2022-10-15T10:23:22.947Z - log: [Scene] Cocos Creator v3.6.1
2022-10-15T10:23:22.947Z - info: [Scene] Forward render pipeline initialized.
2022-10-15T10:23:23.170Z - info: [Scene] [PHYSICS]: switch from builtin to bullet.
