debug: Sun, 16 Oct 2022 01:34:30 GMT
debug: Project: D:\Hword\wx\maomao\Creator3.6Jump
debug: Targets: editor,preview
debug: Incremental file seems great.
debug: Engine path: D:\soft\CocosDashboard\resources\.editors\Creator\3.6.1\resources\resources\3d\engine
debug: Initializing target [Editor]
debug: Loading cache
debug: Loading cache costs 1.6048998832702637ms.
debug: Engine features shipped in editor: base,gfx-webgl,gfx-webgl2,3d,animation,skeletal-animation,2d,ui,particle,particle-2d,physics-framework,physics-2d-framework,intersection-2d,primitive,profiler,occlusion-query,geometry-renderer,debug-renderer,audio,video,xr,terrain,webview,tween,tiled-map,spine,dragon-bones,marionette,custom-pipeline
debug: Our import map(foo:/bar): {
  "imports": {
    "cc": "cce:/internal/x/cc"
  }
}
debug: Initializing target [Preview]
debug: Loading cache
debug: Loading cache costs 1.615800380706787ms.
debug: Our import map(foo:/bar): {
  "imports": {
    "cc": "cce:/internal/x/cc"
  }
}
debug: Sync engine features: 2d,3d,animation,audio,base,dragon-bones,gfx-webgl,gfx-webgl2,intersection-2d,marionette,particle,particle-2d,physics-2d-box2d,physics-ammo,primitive,profiler,skeletal-animation,spine,terrain,tiled-map,tween,ui,video,webview,xr
debug: Reset databases. Enumerated domains: [
  {
    "root": "db://internal/",
    "physical": "D:\\soft\\CocosDashboard\\resources\\.editors\\Creator\\3.6.1\\resources\\resources\\3d\\engine\\editor\\assets"
  },
  {
    "root": "db://assets/",
    "physical": "D:\\Hword\\wx\\maomao\\Creator3.6Jump\\assets"
  }
]
debug: Our import map(foo:/bar): {
  "imports": {
    "cc": "cce:/internal/x/cc",
    "db://internal/": "file:///D:/soft/CocosDashboard/resources/.editors/Creator/3.6.1/resources/resources/3d/engine/editor/assets/",
    "db://assets/": "file:///D:/Hword/wx/maomao/Creator3.6Jump/assets/"
  }
}
debug: Our import map(foo:/bar): {
  "imports": {
    "cc": "cce:/internal/x/cc",
    "db://internal/": "file:///D:/soft/CocosDashboard/resources/.editors/Creator/3.6.1/resources/resources/3d/engine/editor/assets/",
    "db://assets/": "file:///D:/Hword/wx/maomao/Creator3.6Jump/assets/"
  }
}
debug: Pulling asset-db.
debug: Fetch asset-db cost: 4.759199619293213ms.
debug: Build iteration starts.
Number of accumulated asset changes: 1
Feature changed: false
debug: Target(editor) build started.
debug: Detected change: cce:/internal/x/cc. Last mtime: Thu Jan 01 1970 08:00:08 GMT+0800 (中国标准时间), Current mtime: Thu Jan 01 1970 08:00:22 GMT+0800 (中国标准时间)
debug: Inspect cce:/internal/x/cc
debug: Resolve cce:/internal/x/cc-fu/base from cce:/internal/x/cc as external dependency cce:/internal/x/cc-fu/base.
debug: Resolve cce:/internal/x/cc-fu/gfx-webgl from cce:/internal/x/cc as external dependency cce:/internal/x/cc-fu/gfx-webgl.
debug: Resolve cce:/internal/x/cc-fu/gfx-webgl2 from cce:/internal/x/cc as external dependency cce:/internal/x/cc-fu/gfx-webgl2.
debug: Resolve cce:/internal/x/cc-fu/3d from cce:/internal/x/cc as external dependency cce:/internal/x/cc-fu/3d.
debug: Resolve cce:/internal/x/cc-fu/animation from cce:/internal/x/cc as external dependency cce:/internal/x/cc-fu/animation.
debug: Resolve cce:/internal/x/cc-fu/skeletal-animation from cce:/internal/x/cc as external dependency cce:/internal/x/cc-fu/skeletal-animation.
debug: Resolve cce:/internal/x/cc-fu/2d from cce:/internal/x/cc as external dependency cce:/internal/x/cc-fu/2d.
debug: Resolve cce:/internal/x/cc-fu/ui from cce:/internal/x/cc as external dependency cce:/internal/x/cc-fu/ui.
debug: Resolve cce:/internal/x/cc-fu/particle from cce:/internal/x/cc as external dependency cce:/internal/x/cc-fu/particle.
debug: Resolve cce:/internal/x/cc-fu/particle-2d from cce:/internal/x/cc as external dependency cce:/internal/x/cc-fu/particle-2d.
debug: Resolve cce:/internal/x/cc-fu/physics-framework from cce:/internal/x/cc as external dependency cce:/internal/x/cc-fu/physics-framework.
debug: Resolve cce:/internal/x/cc-fu/physics-2d-framework from cce:/internal/x/cc as external dependency cce:/internal/x/cc-fu/physics-2d-framework.
debug: Resolve cce:/internal/x/cc-fu/intersection-2d from cce:/internal/x/cc as external dependency cce:/internal/x/cc-fu/intersection-2d.
debug: Resolve cce:/internal/x/cc-fu/primitive from cce:/internal/x/cc as external dependency cce:/internal/x/cc-fu/primitive.
debug: Resolve cce:/internal/x/cc-fu/profiler from cce:/internal/x/cc as external dependency cce:/internal/x/cc-fu/profiler.
debug: Resolve cce:/internal/x/cc-fu/geometry-renderer from cce:/internal/x/cc as external dependency cce:/internal/x/cc-fu/geometry-renderer.
debug: Resolve cce:/internal/x/cc-fu/audio from cce:/internal/x/cc as external dependency cce:/internal/x/cc-fu/audio.
debug: Resolve cce:/internal/x/cc-fu/video from cce:/internal/x/cc as external dependency cce:/internal/x/cc-fu/video.
debug: Resolve cce:/internal/x/cc-fu/xr from cce:/internal/x/cc as external dependency cce:/internal/x/cc-fu/xr.
debug: Resolve cce:/internal/x/cc-fu/terrain from cce:/internal/x/cc as external dependency cce:/internal/x/cc-fu/terrain.
debug: Resolve cce:/internal/x/cc-fu/webview from cce:/internal/x/cc as external dependency cce:/internal/x/cc-fu/webview.
debug: Resolve cce:/internal/x/cc-fu/tween from cce:/internal/x/cc as external dependency cce:/internal/x/cc-fu/tween.
debug: Resolve cce:/internal/x/cc-fu/tiled-map from cce:/internal/x/cc as external dependency cce:/internal/x/cc-fu/tiled-map.
debug: Resolve cce:/internal/x/cc-fu/spine from cce:/internal/x/cc as external dependency cce:/internal/x/cc-fu/spine.
debug: Resolve cce:/internal/x/cc-fu/dragon-bones from cce:/internal/x/cc as external dependency cce:/internal/x/cc-fu/dragon-bones.
debug: Resolve cce:/internal/x/cc-fu/custom-pipeline from cce:/internal/x/cc as external dependency cce:/internal/x/cc-fu/custom-pipeline.
debug: Detected change: cce:/internal/x/prerequisite-imports. Last mtime: Thu Jan 01 1970 08:00:09 GMT+0800 (中国标准时间), Current mtime: Thu Jan 01 1970 08:00:22 GMT+0800 (中国标准时间)
debug: Inspect cce:/internal/x/prerequisite-imports
debug: Resolve file:///D:/Hword/wx/maomao/Creator3.6Jump/assets/Scripts/PlayerController.ts from cce:/internal/x/prerequisite-imports as file:///D:/Hword/wx/maomao/Creator3.6Jump/assets/Scripts/PlayerController.ts.
debug: Inspect file:///D:/Hword/wx/maomao/Creator3.6Jump/assets/Scripts/PlayerController.ts
debug: Resolve cc from file:///D:/Hword/wx/maomao/Creator3.6Jump/assets/Scripts/PlayerController.ts as cce:/internal/x/cc.
debug: Resolve cc from file:///D:/Hword/wx/maomao/Creator3.6Jump/assets/Scripts/PlayerController.ts as cce:/internal/x/cc.
debug: Resolve cc from file:///D:/Hword/wx/maomao/Creator3.6Jump/assets/Scripts/PlayerController.ts as cce:/internal/x/cc.
debug: Target(editor) ends with cost 340.31990003585815ms.
debug: Target(preview) build started.
debug: Detected change: cce:/internal/x/cc. Last mtime: Thu Jan 01 1970 08:00:08 GMT+0800 (中国标准时间), Current mtime: Thu Jan 01 1970 08:00:22 GMT+0800 (中国标准时间)
debug: Inspect cce:/internal/x/cc
debug: Resolve cce:/internal/x/cc-fu/2d from cce:/internal/x/cc as external dependency cce:/internal/x/cc-fu/2d.
debug: Resolve cce:/internal/x/cc-fu/3d from cce:/internal/x/cc as external dependency cce:/internal/x/cc-fu/3d.
debug: Resolve cce:/internal/x/cc-fu/animation from cce:/internal/x/cc as external dependency cce:/internal/x/cc-fu/animation.
debug: Resolve cce:/internal/x/cc-fu/audio from cce:/internal/x/cc as external dependency cce:/internal/x/cc-fu/audio.
debug: Resolve cce:/internal/x/cc-fu/base from cce:/internal/x/cc as external dependency cce:/internal/x/cc-fu/base.
debug: Resolve cce:/internal/x/cc-fu/dragon-bones from cce:/internal/x/cc as external dependency cce:/internal/x/cc-fu/dragon-bones.
debug: Resolve cce:/internal/x/cc-fu/gfx-webgl from cce:/internal/x/cc as external dependency cce:/internal/x/cc-fu/gfx-webgl.
debug: Resolve cce:/internal/x/cc-fu/gfx-webgl2 from cce:/internal/x/cc as external dependency cce:/internal/x/cc-fu/gfx-webgl2.
debug: Resolve cce:/internal/x/cc-fu/intersection-2d from cce:/internal/x/cc as external dependency cce:/internal/x/cc-fu/intersection-2d.
debug: Resolve cce:/internal/x/cc-fu/particle from cce:/internal/x/cc as external dependency cce:/internal/x/cc-fu/particle.
debug: Resolve cce:/internal/x/cc-fu/particle-2d from cce:/internal/x/cc as external dependency cce:/internal/x/cc-fu/particle-2d.
debug: Resolve cce:/internal/x/cc-fu/physics-2d-box2d from cce:/internal/x/cc as external dependency cce:/internal/x/cc-fu/physics-2d-box2d.
debug: Resolve cce:/internal/x/cc-fu/physics-2d-framework from cce:/internal/x/cc as external dependency cce:/internal/x/cc-fu/physics-2d-framework.
debug: Resolve cce:/internal/x/cc-fu/physics-ammo from cce:/internal/x/cc as external dependency cce:/internal/x/cc-fu/physics-ammo.
debug: Resolve cce:/internal/x/cc-fu/physics-framework from cce:/internal/x/cc as external dependency cce:/internal/x/cc-fu/physics-framework.
debug: Resolve cce:/internal/x/cc-fu/wait-for-ammo-instantiation from cce:/internal/x/cc as external dependency cce:/internal/x/cc-fu/wait-for-ammo-instantiation.
debug: Resolve cce:/internal/x/cc-fu/primitive from cce:/internal/x/cc as external dependency cce:/internal/x/cc-fu/primitive.
debug: Resolve cce:/internal/x/cc-fu/profiler from cce:/internal/x/cc as external dependency cce:/internal/x/cc-fu/profiler.
debug: Resolve cce:/internal/x/cc-fu/skeletal-animation from cce:/internal/x/cc as external dependency cce:/internal/x/cc-fu/skeletal-animation.
debug: Resolve cce:/internal/x/cc-fu/spine from cce:/internal/x/cc as external dependency cce:/internal/x/cc-fu/spine.
debug: Resolve cce:/internal/x/cc-fu/terrain from cce:/internal/x/cc as external dependency cce:/internal/x/cc-fu/terrain.
debug: Resolve cce:/internal/x/cc-fu/tiled-map from cce:/internal/x/cc as external dependency cce:/internal/x/cc-fu/tiled-map.
debug: Resolve cce:/internal/x/cc-fu/tween from cce:/internal/x/cc as external dependency cce:/internal/x/cc-fu/tween.
debug: Resolve cce:/internal/x/cc-fu/ui from cce:/internal/x/cc as external dependency cce:/internal/x/cc-fu/ui.
debug: Resolve cce:/internal/x/cc-fu/video from cce:/internal/x/cc as external dependency cce:/internal/x/cc-fu/video.
debug: Resolve cce:/internal/x/cc-fu/webview from cce:/internal/x/cc as external dependency cce:/internal/x/cc-fu/webview.
debug: Resolve cce:/internal/x/cc-fu/xr from cce:/internal/x/cc as external dependency cce:/internal/x/cc-fu/xr.
debug: Detected change: cce:/internal/x/prerequisite-imports. Last mtime: Thu Jan 01 1970 08:00:09 GMT+0800 (中国标准时间), Current mtime: Thu Jan 01 1970 08:00:22 GMT+0800 (中国标准时间)
debug: Inspect cce:/internal/x/prerequisite-imports
debug: Resolve file:///D:/Hword/wx/maomao/Creator3.6Jump/assets/Scripts/PlayerController.ts from cce:/internal/x/prerequisite-imports as file:///D:/Hword/wx/maomao/Creator3.6Jump/assets/Scripts/PlayerController.ts.
debug: Inspect file:///D:/Hword/wx/maomao/Creator3.6Jump/assets/Scripts/PlayerController.ts
debug: Resolve cc from file:///D:/Hword/wx/maomao/Creator3.6Jump/assets/Scripts/PlayerController.ts as cce:/internal/x/cc.
debug: Resolve cc from file:///D:/Hword/wx/maomao/Creator3.6Jump/assets/Scripts/PlayerController.ts as cce:/internal/x/cc.
debug: Resolve cc from file:///D:/Hword/wx/maomao/Creator3.6Jump/assets/Scripts/PlayerController.ts as cce:/internal/x/cc.
debug: Target(preview) ends with cost 173.25620031356812ms.
debug: Pulling asset-db.
debug: Fetch asset-db cost: 34.31349992752075ms.
debug: Build iteration starts.
Number of accumulated asset changes: 1
Feature changed: false
debug: Target(editor) build started.
debug: Detected change: cce:/internal/x/prerequisite-imports. Last mtime: Thu Jan 01 1970 08:00:22 GMT+0800 (中国标准时间), Current mtime: Thu Jan 01 1970 08:00:26 GMT+0800 (中国标准时间)
debug: Inspect cce:/internal/x/prerequisite-imports
debug: Resolve file:///D:/Hword/wx/maomao/Creator3.6Jump/assets/Scripts/PlayerController.ts from cce:/internal/x/prerequisite-imports as file:///D:/Hword/wx/maomao/Creator3.6Jump/assets/Scripts/PlayerController.ts.
debug: Target(editor) ends with cost 26.972000122070312ms.
debug: Target(preview) build started.
debug: Detected change: cce:/internal/x/prerequisite-imports. Last mtime: Thu Jan 01 1970 08:00:22 GMT+0800 (中国标准时间), Current mtime: Thu Jan 01 1970 08:00:26 GMT+0800 (中国标准时间)
debug: Inspect cce:/internal/x/prerequisite-imports
debug: Resolve file:///D:/Hword/wx/maomao/Creator3.6Jump/assets/Scripts/PlayerController.ts from cce:/internal/x/prerequisite-imports as file:///D:/Hword/wx/maomao/Creator3.6Jump/assets/Scripts/PlayerController.ts.
debug: Target(preview) ends with cost 46.6217999458313ms.
debug: Dispatch build request for time accumulated 1 asset changes.
debug: Build iteration starts.
Number of accumulated asset changes: 1
Feature changed: false
debug: Target(editor) build started.
debug: Detected change: cce:/internal/x/prerequisite-imports. Last mtime: Thu Jan 01 1970 08:00:26 GMT+0800 (中国标准时间), Current mtime: Thu Jan 01 1970 09:21:33 GMT+0800 (中国标准时间)
debug: Inspect cce:/internal/x/prerequisite-imports
debug: Resolve file:///D:/Hword/wx/maomao/Creator3.6Jump/assets/Scripts/PlayerController.ts from cce:/internal/x/prerequisite-imports as file:///D:/Hword/wx/maomao/Creator3.6Jump/assets/Scripts/PlayerController.ts.
debug: Detected change: file:///D:/Hword/wx/maomao/Creator3.6Jump/assets/Scripts/PlayerController.ts. Last mtime: Sun Oct 16 2022 09:33:10 GMT+0800 (中国标准时间)@8c167e20-e0bf-4add-9c5b-e6af100b403e, Current mtime: Sun Oct 16 2022 10:55:38 GMT+0800 (中国标准时间)@8c167e20-e0bf-4add-9c5b-e6af100b403e
debug: Inspect file:///D:/Hword/wx/maomao/Creator3.6Jump/assets/Scripts/PlayerController.ts
debug: Resolve cc from file:///D:/Hword/wx/maomao/Creator3.6Jump/assets/Scripts/PlayerController.ts as cce:/internal/x/cc.
debug: Resolve cc from file:///D:/Hword/wx/maomao/Creator3.6Jump/assets/Scripts/PlayerController.ts as cce:/internal/x/cc.
debug: Resolve cc from file:///D:/Hword/wx/maomao/Creator3.6Jump/assets/Scripts/PlayerController.ts as cce:/internal/x/cc.
debug: Target(editor) ends with cost 385.31379985809326ms.
debug: Target(preview) build started.
debug: Detected change: cce:/internal/x/prerequisite-imports. Last mtime: Thu Jan 01 1970 08:00:26 GMT+0800 (中国标准时间), Current mtime: Thu Jan 01 1970 09:21:33 GMT+0800 (中国标准时间)
debug: Inspect cce:/internal/x/prerequisite-imports
debug: Resolve file:///D:/Hword/wx/maomao/Creator3.6Jump/assets/Scripts/PlayerController.ts from cce:/internal/x/prerequisite-imports as file:///D:/Hword/wx/maomao/Creator3.6Jump/assets/Scripts/PlayerController.ts.
debug: Detected change: file:///D:/Hword/wx/maomao/Creator3.6Jump/assets/Scripts/PlayerController.ts. Last mtime: Sun Oct 16 2022 09:33:10 GMT+0800 (中国标准时间)@8c167e20-e0bf-4add-9c5b-e6af100b403e, Current mtime: Sun Oct 16 2022 10:55:38 GMT+0800 (中国标准时间)@8c167e20-e0bf-4add-9c5b-e6af100b403e
debug: Inspect file:///D:/Hword/wx/maomao/Creator3.6Jump/assets/Scripts/PlayerController.ts
debug: Resolve cc from file:///D:/Hword/wx/maomao/Creator3.6Jump/assets/Scripts/PlayerController.ts as cce:/internal/x/cc.
debug: Resolve cc from file:///D:/Hword/wx/maomao/Creator3.6Jump/assets/Scripts/PlayerController.ts as cce:/internal/x/cc.
debug: Resolve cc from file:///D:/Hword/wx/maomao/Creator3.6Jump/assets/Scripts/PlayerController.ts as cce:/internal/x/cc.
debug: Target(preview) ends with cost 195.06979990005493ms.
debug: Dispatch build request for time accumulated 1 asset changes.
debug: Build iteration starts.
Number of accumulated asset changes: 1
Feature changed: false
debug: Target(editor) build started.
debug: Detected change: cce:/internal/x/prerequisite-imports. Last mtime: Thu Jan 01 1970 09:21:33 GMT+0800 (中国标准时间), Current mtime: Thu Jan 01 1970 09:22:59 GMT+0800 (中国标准时间)
debug: Inspect cce:/internal/x/prerequisite-imports
debug: Resolve file:///D:/Hword/wx/maomao/Creator3.6Jump/assets/Scripts/PlayerController.ts from cce:/internal/x/prerequisite-imports as file:///D:/Hword/wx/maomao/Creator3.6Jump/assets/Scripts/PlayerController.ts.
debug: Detected change: file:///D:/Hword/wx/maomao/Creator3.6Jump/assets/Scripts/PlayerController.ts. Last mtime: Sun Oct 16 2022 10:55:38 GMT+0800 (中国标准时间)@8c167e20-e0bf-4add-9c5b-e6af100b403e, Current mtime: Sun Oct 16 2022 10:56:58 GMT+0800 (中国标准时间)@8c167e20-e0bf-4add-9c5b-e6af100b403e
debug: Inspect file:///D:/Hword/wx/maomao/Creator3.6Jump/assets/Scripts/PlayerController.ts
debug: Resolve cc from file:///D:/Hword/wx/maomao/Creator3.6Jump/assets/Scripts/PlayerController.ts as cce:/internal/x/cc.
debug: Resolve cc from file:///D:/Hword/wx/maomao/Creator3.6Jump/assets/Scripts/PlayerController.ts as cce:/internal/x/cc.
debug: Resolve cc from file:///D:/Hword/wx/maomao/Creator3.6Jump/assets/Scripts/PlayerController.ts as cce:/internal/x/cc.
debug: Target(editor) ends with cost 100.17719984054565ms.
debug: Target(preview) build started.
debug: Detected change: cce:/internal/x/prerequisite-imports. Last mtime: Thu Jan 01 1970 09:21:33 GMT+0800 (中国标准时间), Current mtime: Thu Jan 01 1970 09:23:00 GMT+0800 (中国标准时间)
debug: Inspect cce:/internal/x/prerequisite-imports
debug: Resolve file:///D:/Hword/wx/maomao/Creator3.6Jump/assets/Scripts/PlayerController.ts from cce:/internal/x/prerequisite-imports as file:///D:/Hword/wx/maomao/Creator3.6Jump/assets/Scripts/PlayerController.ts.
debug: Detected change: file:///D:/Hword/wx/maomao/Creator3.6Jump/assets/Scripts/PlayerController.ts. Last mtime: Sun Oct 16 2022 10:55:38 GMT+0800 (中国标准时间)@8c167e20-e0bf-4add-9c5b-e6af100b403e, Current mtime: Sun Oct 16 2022 10:56:58 GMT+0800 (中国标准时间)@8c167e20-e0bf-4add-9c5b-e6af100b403e
debug: Inspect file:///D:/Hword/wx/maomao/Creator3.6Jump/assets/Scripts/PlayerController.ts
debug: Resolve cc from file:///D:/Hword/wx/maomao/Creator3.6Jump/assets/Scripts/PlayerController.ts as cce:/internal/x/cc.
debug: Resolve cc from file:///D:/Hword/wx/maomao/Creator3.6Jump/assets/Scripts/PlayerController.ts as cce:/internal/x/cc.
debug: Resolve cc from file:///D:/Hword/wx/maomao/Creator3.6Jump/assets/Scripts/PlayerController.ts as cce:/internal/x/cc.
debug: Target(preview) ends with cost 195.8233003616333ms.
debug: Dispatch build request for time accumulated 1 asset changes.
debug: Build iteration starts.
Number of accumulated asset changes: 1
Feature changed: false
debug: Target(editor) build started.
debug: Detected change: cce:/internal/x/prerequisite-imports. Last mtime: Thu Jan 01 1970 09:22:59 GMT+0800 (中国标准时间), Current mtime: Thu Jan 01 1970 10:04:57 GMT+0800 (中国标准时间)
debug: Inspect cce:/internal/x/prerequisite-imports
debug: Resolve file:///D:/Hword/wx/maomao/Creator3.6Jump/assets/Scripts/PlayerController.ts from cce:/internal/x/prerequisite-imports as file:///D:/Hword/wx/maomao/Creator3.6Jump/assets/Scripts/PlayerController.ts.
debug: Detected change: file:///D:/Hword/wx/maomao/Creator3.6Jump/assets/Scripts/PlayerController.ts. Last mtime: Sun Oct 16 2022 10:56:58 GMT+0800 (中国标准时间)@8c167e20-e0bf-4add-9c5b-e6af100b403e, Current mtime: Sun Oct 16 2022 11:39:03 GMT+0800 (中国标准时间)@8c167e20-e0bf-4add-9c5b-e6af100b403e
debug: Inspect file:///D:/Hword/wx/maomao/Creator3.6Jump/assets/Scripts/PlayerController.ts
debug: Resolve cc from file:///D:/Hword/wx/maomao/Creator3.6Jump/assets/Scripts/PlayerController.ts as cce:/internal/x/cc.
debug: Resolve cc from file:///D:/Hword/wx/maomao/Creator3.6Jump/assets/Scripts/PlayerController.ts as cce:/internal/x/cc.
debug: Resolve cc from file:///D:/Hword/wx/maomao/Creator3.6Jump/assets/Scripts/PlayerController.ts as cce:/internal/x/cc.
debug: Target(editor) ends with cost 152.93620014190674ms.
debug: Target(preview) build started.
debug: Detected change: cce:/internal/x/prerequisite-imports. Last mtime: Thu Jan 01 1970 09:23:00 GMT+0800 (中国标准时间), Current mtime: Thu Jan 01 1970 10:04:58 GMT+0800 (中国标准时间)
debug: Inspect cce:/internal/x/prerequisite-imports
debug: Resolve file:///D:/Hword/wx/maomao/Creator3.6Jump/assets/Scripts/PlayerController.ts from cce:/internal/x/prerequisite-imports as file:///D:/Hword/wx/maomao/Creator3.6Jump/assets/Scripts/PlayerController.ts.
debug: Detected change: file:///D:/Hword/wx/maomao/Creator3.6Jump/assets/Scripts/PlayerController.ts. Last mtime: Sun Oct 16 2022 10:56:58 GMT+0800 (中国标准时间)@8c167e20-e0bf-4add-9c5b-e6af100b403e, Current mtime: Sun Oct 16 2022 11:39:03 GMT+0800 (中国标准时间)@8c167e20-e0bf-4add-9c5b-e6af100b403e
debug: Inspect file:///D:/Hword/wx/maomao/Creator3.6Jump/assets/Scripts/PlayerController.ts
debug: Resolve cc from file:///D:/Hword/wx/maomao/Creator3.6Jump/assets/Scripts/PlayerController.ts as cce:/internal/x/cc.
debug: Resolve cc from file:///D:/Hword/wx/maomao/Creator3.6Jump/assets/Scripts/PlayerController.ts as cce:/internal/x/cc.
debug: Resolve cc from file:///D:/Hword/wx/maomao/Creator3.6Jump/assets/Scripts/PlayerController.ts as cce:/internal/x/cc.
debug: Target(preview) ends with cost 142.15199995040894ms.
debug: Dispatch build request for time accumulated 1 asset changes.
debug: Build iteration starts.
Number of accumulated asset changes: 1
Feature changed: false
debug: Target(editor) build started.
debug: Detected change: cce:/internal/x/prerequisite-imports. Last mtime: Thu Jan 01 1970 10:04:57 GMT+0800 (中国标准时间), Current mtime: Thu Jan 01 1970 10:54:15 GMT+0800 (中国标准时间)
debug: Inspect cce:/internal/x/prerequisite-imports
debug: Resolve file:///D:/Hword/wx/maomao/Creator3.6Jump/assets/Scripts/GameManager.ts from cce:/internal/x/prerequisite-imports as file:///D:/Hword/wx/maomao/Creator3.6Jump/assets/Scripts/GameManager.ts.
debug: Inspect file:///D:/Hword/wx/maomao/Creator3.6Jump/assets/Scripts/GameManager.ts
debug: Resolve cc from file:///D:/Hword/wx/maomao/Creator3.6Jump/assets/Scripts/GameManager.ts as cce:/internal/x/cc.
debug: Resolve cc from file:///D:/Hword/wx/maomao/Creator3.6Jump/assets/Scripts/GameManager.ts as cce:/internal/x/cc.
debug: Resolve cc from file:///D:/Hword/wx/maomao/Creator3.6Jump/assets/Scripts/GameManager.ts as cce:/internal/x/cc.
debug: Resolve file:///D:/Hword/wx/maomao/Creator3.6Jump/assets/Scripts/PlayerController.ts from cce:/internal/x/prerequisite-imports as file:///D:/Hword/wx/maomao/Creator3.6Jump/assets/Scripts/PlayerController.ts.
debug: Target(editor) ends with cost 53.71180009841919ms.
debug: Target(preview) build started.
debug: Detected change: cce:/internal/x/prerequisite-imports. Last mtime: Thu Jan 01 1970 10:04:58 GMT+0800 (中国标准时间), Current mtime: Thu Jan 01 1970 10:54:15 GMT+0800 (中国标准时间)
debug: Inspect cce:/internal/x/prerequisite-imports
debug: Resolve file:///D:/Hword/wx/maomao/Creator3.6Jump/assets/Scripts/GameManager.ts from cce:/internal/x/prerequisite-imports as file:///D:/Hword/wx/maomao/Creator3.6Jump/assets/Scripts/GameManager.ts.
debug: Inspect file:///D:/Hword/wx/maomao/Creator3.6Jump/assets/Scripts/GameManager.ts
debug: Resolve cc from file:///D:/Hword/wx/maomao/Creator3.6Jump/assets/Scripts/GameManager.ts as cce:/internal/x/cc.
debug: Resolve cc from file:///D:/Hword/wx/maomao/Creator3.6Jump/assets/Scripts/GameManager.ts as cce:/internal/x/cc.
debug: Resolve cc from file:///D:/Hword/wx/maomao/Creator3.6Jump/assets/Scripts/GameManager.ts as cce:/internal/x/cc.
debug: Resolve file:///D:/Hword/wx/maomao/Creator3.6Jump/assets/Scripts/PlayerController.ts from cce:/internal/x/prerequisite-imports as file:///D:/Hword/wx/maomao/Creator3.6Jump/assets/Scripts/PlayerController.ts.
debug: Target(preview) ends with cost 108.57690000534058ms.
debug: Dispatch build request for time accumulated 1 asset changes.
debug: Build iteration starts.
Number of accumulated asset changes: 1
Feature changed: false
debug: Target(editor) build started.
debug: Detected change: cce:/internal/x/prerequisite-imports. Last mtime: Thu Jan 01 1970 10:54:15 GMT+0800 (中国标准时间), Current mtime: Thu Jan 01 1970 10:56:34 GMT+0800 (中国标准时间)
debug: Inspect cce:/internal/x/prerequisite-imports
debug: Resolve file:///D:/Hword/wx/maomao/Creator3.6Jump/assets/Scripts/GameManager.ts from cce:/internal/x/prerequisite-imports as file:///D:/Hword/wx/maomao/Creator3.6Jump/assets/Scripts/GameManager.ts.
debug: Detected change: file:///D:/Hword/wx/maomao/Creator3.6Jump/assets/Scripts/GameManager.ts. Last mtime: Sun Oct 16 2022 12:28:23 GMT+0800 (中国标准时间)@94fef229-f85b-4b75-bf2c-4e148e13212a, Current mtime: Sun Oct 16 2022 12:30:34 GMT+0800 (中国标准时间)@94fef229-f85b-4b75-bf2c-4e148e13212a
debug: Inspect file:///D:/Hword/wx/maomao/Creator3.6Jump/assets/Scripts/GameManager.ts
debug: Resolve cc from file:///D:/Hword/wx/maomao/Creator3.6Jump/assets/Scripts/GameManager.ts as cce:/internal/x/cc.
debug: Resolve cc from file:///D:/Hword/wx/maomao/Creator3.6Jump/assets/Scripts/GameManager.ts as cce:/internal/x/cc.
debug: Resolve cc from file:///D:/Hword/wx/maomao/Creator3.6Jump/assets/Scripts/GameManager.ts as cce:/internal/x/cc.
debug: Resolve file:///D:/Hword/wx/maomao/Creator3.6Jump/assets/Scripts/PlayerController.ts from cce:/internal/x/prerequisite-imports as file:///D:/Hword/wx/maomao/Creator3.6Jump/assets/Scripts/PlayerController.ts.
debug: Target(editor) ends with cost 105.36010026931763ms.
debug: Target(preview) build started.
debug: Detected change: cce:/internal/x/prerequisite-imports. Last mtime: Thu Jan 01 1970 10:54:15 GMT+0800 (中国标准时间), Current mtime: Thu Jan 01 1970 10:56:34 GMT+0800 (中国标准时间)
debug: Inspect cce:/internal/x/prerequisite-imports
debug: Resolve file:///D:/Hword/wx/maomao/Creator3.6Jump/assets/Scripts/GameManager.ts from cce:/internal/x/prerequisite-imports as file:///D:/Hword/wx/maomao/Creator3.6Jump/assets/Scripts/GameManager.ts.
debug: Detected change: file:///D:/Hword/wx/maomao/Creator3.6Jump/assets/Scripts/GameManager.ts. Last mtime: Sun Oct 16 2022 12:28:23 GMT+0800 (中国标准时间)@94fef229-f85b-4b75-bf2c-4e148e13212a, Current mtime: Sun Oct 16 2022 12:30:34 GMT+0800 (中国标准时间)@94fef229-f85b-4b75-bf2c-4e148e13212a
debug: Inspect file:///D:/Hword/wx/maomao/Creator3.6Jump/assets/Scripts/GameManager.ts
debug: Resolve cc from file:///D:/Hword/wx/maomao/Creator3.6Jump/assets/Scripts/GameManager.ts as cce:/internal/x/cc.
debug: Resolve cc from file:///D:/Hword/wx/maomao/Creator3.6Jump/assets/Scripts/GameManager.ts as cce:/internal/x/cc.
debug: Resolve cc from file:///D:/Hword/wx/maomao/Creator3.6Jump/assets/Scripts/GameManager.ts as cce:/internal/x/cc.
debug: Resolve file:///D:/Hword/wx/maomao/Creator3.6Jump/assets/Scripts/PlayerController.ts from cce:/internal/x/prerequisite-imports as file:///D:/Hword/wx/maomao/Creator3.6Jump/assets/Scripts/PlayerController.ts.
debug: Target(preview) ends with cost 194.7551999092102ms.
debug: Dispatch build request for time accumulated 2 asset changes.
debug: Build iteration starts.
Number of accumulated asset changes: 2
Feature changed: false
debug: Target(editor) build started.
debug: Detected change: cce:/internal/x/prerequisite-imports. Last mtime: Thu Jan 01 1970 10:56:34 GMT+0800 (中国标准时间), Current mtime: Thu Jan 01 1970 11:46:10 GMT+0800 (中国标准时间)
debug: Inspect cce:/internal/x/prerequisite-imports
debug: Resolve file:///D:/Hword/wx/maomao/Creator3.6Jump/assets/Scripts/GameManager.ts from cce:/internal/x/prerequisite-imports as file:///D:/Hword/wx/maomao/Creator3.6Jump/assets/Scripts/GameManager.ts.
debug: Detected change: file:///D:/Hword/wx/maomao/Creator3.6Jump/assets/Scripts/GameManager.ts. Last mtime: Sun Oct 16 2022 12:30:34 GMT+0800 (中国标准时间)@94fef229-f85b-4b75-bf2c-4e148e13212a, Current mtime: Sun Oct 16 2022 13:12:07 GMT+0800 (中国标准时间)@94fef229-f85b-4b75-bf2c-4e148e13212a
debug: Inspect file:///D:/Hword/wx/maomao/Creator3.6Jump/assets/Scripts/GameManager.ts
debug: Resolve cce:/internal/code-quality/cr.mjs from file:///D:/Hword/wx/maomao/Creator3.6Jump/assets/Scripts/GameManager.ts as cce:/internal/code-quality/cr.mjs.
debug: Inspect cce:/internal/code-quality/cr.mjs
debug: Resolve cc from file:///D:/Hword/wx/maomao/Creator3.6Jump/assets/Scripts/GameManager.ts as cce:/internal/x/cc.
debug: Resolve cc from file:///D:/Hword/wx/maomao/Creator3.6Jump/assets/Scripts/GameManager.ts as cce:/internal/x/cc.
debug: Resolve cc from file:///D:/Hword/wx/maomao/Creator3.6Jump/assets/Scripts/GameManager.ts as cce:/internal/x/cc.
debug: Resolve ./PlayerController from file:///D:/Hword/wx/maomao/Creator3.6Jump/assets/Scripts/GameManager.ts as file:///D:/Hword/wx/maomao/Creator3.6Jump/assets/Scripts/PlayerController.ts.
debug: Detected change: file:///D:/Hword/wx/maomao/Creator3.6Jump/assets/Scripts/PlayerController.ts. Last mtime: Sun Oct 16 2022 11:39:03 GMT+0800 (中国标准时间)@8c167e20-e0bf-4add-9c5b-e6af100b403e, Current mtime: Sun Oct 16 2022 13:12:08 GMT+0800 (中国标准时间)@8c167e20-e0bf-4add-9c5b-e6af100b403e
debug: Inspect file:///D:/Hword/wx/maomao/Creator3.6Jump/assets/Scripts/PlayerController.ts
debug: Resolve cc from file:///D:/Hword/wx/maomao/Creator3.6Jump/assets/Scripts/PlayerController.ts as cce:/internal/x/cc.
debug: Resolve cc from file:///D:/Hword/wx/maomao/Creator3.6Jump/assets/Scripts/PlayerController.ts as cce:/internal/x/cc.
debug: Resolve cc from file:///D:/Hword/wx/maomao/Creator3.6Jump/assets/Scripts/PlayerController.ts as cce:/internal/x/cc.
debug: Resolve file:///D:/Hword/wx/maomao/Creator3.6Jump/assets/Scripts/PlayerController.ts from cce:/internal/x/prerequisite-imports as file:///D:/Hword/wx/maomao/Creator3.6Jump/assets/Scripts/PlayerController.ts.
debug: Target(editor) ends with cost 2534.546200275421ms.
debug: Target(preview) build started.
debug: Detected change: cce:/internal/x/prerequisite-imports. Last mtime: Thu Jan 01 1970 10:56:34 GMT+0800 (中国标准时间), Current mtime: Thu Jan 01 1970 11:46:12 GMT+0800 (中国标准时间)
debug: Inspect cce:/internal/x/prerequisite-imports
debug: Resolve file:///D:/Hword/wx/maomao/Creator3.6Jump/assets/Scripts/GameManager.ts from cce:/internal/x/prerequisite-imports as file:///D:/Hword/wx/maomao/Creator3.6Jump/assets/Scripts/GameManager.ts.
debug: Detected change: file:///D:/Hword/wx/maomao/Creator3.6Jump/assets/Scripts/GameManager.ts. Last mtime: Sun Oct 16 2022 12:30:34 GMT+0800 (中国标准时间)@94fef229-f85b-4b75-bf2c-4e148e13212a, Current mtime: Sun Oct 16 2022 13:12:07 GMT+0800 (中国标准时间)@94fef229-f85b-4b75-bf2c-4e148e13212a
debug: Inspect file:///D:/Hword/wx/maomao/Creator3.6Jump/assets/Scripts/GameManager.ts
debug: Resolve cce:/internal/code-quality/cr.mjs from file:///D:/Hword/wx/maomao/Creator3.6Jump/assets/Scripts/GameManager.ts as cce:/internal/code-quality/cr.mjs.
debug: Inspect cce:/internal/code-quality/cr.mjs
debug: Resolve cc from file:///D:/Hword/wx/maomao/Creator3.6Jump/assets/Scripts/GameManager.ts as cce:/internal/x/cc.
debug: Resolve cc from file:///D:/Hword/wx/maomao/Creator3.6Jump/assets/Scripts/GameManager.ts as cce:/internal/x/cc.
debug: Resolve cc from file:///D:/Hword/wx/maomao/Creator3.6Jump/assets/Scripts/GameManager.ts as cce:/internal/x/cc.
debug: Resolve ./PlayerController from file:///D:/Hword/wx/maomao/Creator3.6Jump/assets/Scripts/GameManager.ts as file:///D:/Hword/wx/maomao/Creator3.6Jump/assets/Scripts/PlayerController.ts.
debug: Detected change: file:///D:/Hword/wx/maomao/Creator3.6Jump/assets/Scripts/PlayerController.ts. Last mtime: Sun Oct 16 2022 11:39:03 GMT+0800 (中国标准时间)@8c167e20-e0bf-4add-9c5b-e6af100b403e, Current mtime: Sun Oct 16 2022 13:12:08 GMT+0800 (中国标准时间)@8c167e20-e0bf-4add-9c5b-e6af100b403e
debug: Inspect file:///D:/Hword/wx/maomao/Creator3.6Jump/assets/Scripts/PlayerController.ts
debug: Resolve cc from file:///D:/Hword/wx/maomao/Creator3.6Jump/assets/Scripts/PlayerController.ts as cce:/internal/x/cc.
debug: Resolve cc from file:///D:/Hword/wx/maomao/Creator3.6Jump/assets/Scripts/PlayerController.ts as cce:/internal/x/cc.
debug: Resolve cc from file:///D:/Hword/wx/maomao/Creator3.6Jump/assets/Scripts/PlayerController.ts as cce:/internal/x/cc.
debug: Resolve file:///D:/Hword/wx/maomao/Creator3.6Jump/assets/Scripts/PlayerController.ts from cce:/internal/x/prerequisite-imports as file:///D:/Hword/wx/maomao/Creator3.6Jump/assets/Scripts/PlayerController.ts.
debug: Target(preview) ends with cost 255.61849975585938ms.
debug: Dispatch build request for time accumulated 1 asset changes.
debug: Build iteration starts.
Number of accumulated asset changes: 1
Feature changed: false
debug: Target(editor) build started.
debug: Detected change: cce:/internal/x/prerequisite-imports. Last mtime: Thu Jan 01 1970 11:46:10 GMT+0800 (中国标准时间), Current mtime: Thu Jan 01 1970 11:47:22 GMT+0800 (中国标准时间)
debug: Inspect cce:/internal/x/prerequisite-imports
debug: Resolve file:///D:/Hword/wx/maomao/Creator3.6Jump/assets/Scripts/GameManager.ts from cce:/internal/x/prerequisite-imports as file:///D:/Hword/wx/maomao/Creator3.6Jump/assets/Scripts/GameManager.ts.
debug: Detected change: file:///D:/Hword/wx/maomao/Creator3.6Jump/assets/Scripts/GameManager.ts. Last mtime: Sun Oct 16 2022 13:12:07 GMT+0800 (中国标准时间)@94fef229-f85b-4b75-bf2c-4e148e13212a, Current mtime: Sun Oct 16 2022 13:20:59 GMT+0800 (中国标准时间)@94fef229-f85b-4b75-bf2c-4e148e13212a
debug: Inspect file:///D:/Hword/wx/maomao/Creator3.6Jump/assets/Scripts/GameManager.ts
debug: Resolve cce:/internal/code-quality/cr.mjs from file:///D:/Hword/wx/maomao/Creator3.6Jump/assets/Scripts/GameManager.ts as cce:/internal/code-quality/cr.mjs.
debug: Resolve cc from file:///D:/Hword/wx/maomao/Creator3.6Jump/assets/Scripts/GameManager.ts as cce:/internal/x/cc.
debug: Resolve cc from file:///D:/Hword/wx/maomao/Creator3.6Jump/assets/Scripts/GameManager.ts as cce:/internal/x/cc.
debug: Resolve cc from file:///D:/Hword/wx/maomao/Creator3.6Jump/assets/Scripts/GameManager.ts as cce:/internal/x/cc.
debug: Resolve ./PlayerController from file:///D:/Hword/wx/maomao/Creator3.6Jump/assets/Scripts/GameManager.ts as file:///D:/Hword/wx/maomao/Creator3.6Jump/assets/Scripts/PlayerController.ts.
debug: Resolve file:///D:/Hword/wx/maomao/Creator3.6Jump/assets/Scripts/PlayerController.ts from cce:/internal/x/prerequisite-imports as file:///D:/Hword/wx/maomao/Creator3.6Jump/assets/Scripts/PlayerController.ts.
debug: Target(editor) ends with cost 166.59379959106445ms.
debug: Target(preview) build started.
debug: Detected change: cce:/internal/x/prerequisite-imports. Last mtime: Thu Jan 01 1970 11:46:12 GMT+0800 (中国标准时间), Current mtime: Thu Jan 01 1970 11:47:22 GMT+0800 (中国标准时间)
debug: Inspect cce:/internal/x/prerequisite-imports
debug: Resolve file:///D:/Hword/wx/maomao/Creator3.6Jump/assets/Scripts/GameManager.ts from cce:/internal/x/prerequisite-imports as file:///D:/Hword/wx/maomao/Creator3.6Jump/assets/Scripts/GameManager.ts.
debug: Detected change: file:///D:/Hword/wx/maomao/Creator3.6Jump/assets/Scripts/GameManager.ts. Last mtime: Sun Oct 16 2022 13:12:07 GMT+0800 (中国标准时间)@94fef229-f85b-4b75-bf2c-4e148e13212a, Current mtime: Sun Oct 16 2022 13:20:59 GMT+0800 (中国标准时间)@94fef229-f85b-4b75-bf2c-4e148e13212a
debug: Inspect file:///D:/Hword/wx/maomao/Creator3.6Jump/assets/Scripts/GameManager.ts
debug: Resolve cce:/internal/code-quality/cr.mjs from file:///D:/Hword/wx/maomao/Creator3.6Jump/assets/Scripts/GameManager.ts as cce:/internal/code-quality/cr.mjs.
debug: Resolve cc from file:///D:/Hword/wx/maomao/Creator3.6Jump/assets/Scripts/GameManager.ts as cce:/internal/x/cc.
debug: Resolve cc from file:///D:/Hword/wx/maomao/Creator3.6Jump/assets/Scripts/GameManager.ts as cce:/internal/x/cc.
debug: Resolve cc from file:///D:/Hword/wx/maomao/Creator3.6Jump/assets/Scripts/GameManager.ts as cce:/internal/x/cc.
debug: Resolve ./PlayerController from file:///D:/Hword/wx/maomao/Creator3.6Jump/assets/Scripts/GameManager.ts as file:///D:/Hword/wx/maomao/Creator3.6Jump/assets/Scripts/PlayerController.ts.
debug: Resolve file:///D:/Hword/wx/maomao/Creator3.6Jump/assets/Scripts/PlayerController.ts from cce:/internal/x/prerequisite-imports as file:///D:/Hword/wx/maomao/Creator3.6Jump/assets/Scripts/PlayerController.ts.
debug: Target(preview) ends with cost 1383.6690001487732ms.
debug: Dispatch build request for time accumulated 1 asset changes.
debug: Build iteration starts.
Number of accumulated asset changes: 1
Feature changed: false
debug: Target(editor) build started.
debug: Detected change: cce:/internal/x/prerequisite-imports. Last mtime: Thu Jan 01 1970 11:47:22 GMT+0800 (中国标准时间), Current mtime: Thu Jan 01 1970 11:57:18 GMT+0800 (中国标准时间)
debug: Inspect cce:/internal/x/prerequisite-imports
debug: Resolve file:///D:/Hword/wx/maomao/Creator3.6Jump/assets/Scripts/GameManager.ts from cce:/internal/x/prerequisite-imports as file:///D:/Hword/wx/maomao/Creator3.6Jump/assets/Scripts/GameManager.ts.
debug: Detected change: file:///D:/Hword/wx/maomao/Creator3.6Jump/assets/Scripts/GameManager.ts. Last mtime: Sun Oct 16 2022 13:20:59 GMT+0800 (中国标准时间)@94fef229-f85b-4b75-bf2c-4e148e13212a, Current mtime: Sun Oct 16 2022 13:30:09 GMT+0800 (中国标准时间)@94fef229-f85b-4b75-bf2c-4e148e13212a
debug: Inspect file:///D:/Hword/wx/maomao/Creator3.6Jump/assets/Scripts/GameManager.ts
debug: Resolve cce:/internal/code-quality/cr.mjs from file:///D:/Hword/wx/maomao/Creator3.6Jump/assets/Scripts/GameManager.ts as cce:/internal/code-quality/cr.mjs.
debug: Resolve cc from file:///D:/Hword/wx/maomao/Creator3.6Jump/assets/Scripts/GameManager.ts as cce:/internal/x/cc.
debug: Resolve cc from file:///D:/Hword/wx/maomao/Creator3.6Jump/assets/Scripts/GameManager.ts as cce:/internal/x/cc.
debug: Resolve cc from file:///D:/Hword/wx/maomao/Creator3.6Jump/assets/Scripts/GameManager.ts as cce:/internal/x/cc.
debug: Resolve ./PlayerController from file:///D:/Hword/wx/maomao/Creator3.6Jump/assets/Scripts/GameManager.ts as file:///D:/Hword/wx/maomao/Creator3.6Jump/assets/Scripts/PlayerController.ts.
debug: Resolve file:///D:/Hword/wx/maomao/Creator3.6Jump/assets/Scripts/PlayerController.ts from cce:/internal/x/prerequisite-imports as file:///D:/Hword/wx/maomao/Creator3.6Jump/assets/Scripts/PlayerController.ts.
debug: Target(editor) ends with cost 109.40300035476685ms.
debug: Target(preview) build started.
debug: Detected change: cce:/internal/x/prerequisite-imports. Last mtime: Thu Jan 01 1970 11:47:22 GMT+0800 (中国标准时间), Current mtime: Thu Jan 01 1970 11:57:18 GMT+0800 (中国标准时间)
debug: Inspect cce:/internal/x/prerequisite-imports
debug: Resolve file:///D:/Hword/wx/maomao/Creator3.6Jump/assets/Scripts/GameManager.ts from cce:/internal/x/prerequisite-imports as file:///D:/Hword/wx/maomao/Creator3.6Jump/assets/Scripts/GameManager.ts.
debug: Detected change: file:///D:/Hword/wx/maomao/Creator3.6Jump/assets/Scripts/GameManager.ts. Last mtime: Sun Oct 16 2022 13:20:59 GMT+0800 (中国标准时间)@94fef229-f85b-4b75-bf2c-4e148e13212a, Current mtime: Sun Oct 16 2022 13:30:09 GMT+0800 (中国标准时间)@94fef229-f85b-4b75-bf2c-4e148e13212a
debug: Inspect file:///D:/Hword/wx/maomao/Creator3.6Jump/assets/Scripts/GameManager.ts
debug: Resolve cce:/internal/code-quality/cr.mjs from file:///D:/Hword/wx/maomao/Creator3.6Jump/assets/Scripts/GameManager.ts as cce:/internal/code-quality/cr.mjs.
debug: Resolve cc from file:///D:/Hword/wx/maomao/Creator3.6Jump/assets/Scripts/GameManager.ts as cce:/internal/x/cc.
debug: Resolve cc from file:///D:/Hword/wx/maomao/Creator3.6Jump/assets/Scripts/GameManager.ts as cce:/internal/x/cc.
debug: Resolve cc from file:///D:/Hword/wx/maomao/Creator3.6Jump/assets/Scripts/GameManager.ts as cce:/internal/x/cc.
debug: Resolve ./PlayerController from file:///D:/Hword/wx/maomao/Creator3.6Jump/assets/Scripts/GameManager.ts as file:///D:/Hword/wx/maomao/Creator3.6Jump/assets/Scripts/PlayerController.ts.
debug: Resolve file:///D:/Hword/wx/maomao/Creator3.6Jump/assets/Scripts/PlayerController.ts from cce:/internal/x/prerequisite-imports as file:///D:/Hword/wx/maomao/Creator3.6Jump/assets/Scripts/PlayerController.ts.
debug: Target(preview) ends with cost 149.53820037841797ms.
debug: Dispatch build request for time accumulated 1 asset changes.
debug: Build iteration starts.
Number of accumulated asset changes: 1
Feature changed: false
debug: Target(editor) build started.
debug: Detected change: cce:/internal/x/prerequisite-imports. Last mtime: Thu Jan 01 1970 11:57:18 GMT+0800 (中国标准时间), Current mtime: Thu Jan 01 1970 11:57:44 GMT+0800 (中国标准时间)
debug: Inspect cce:/internal/x/prerequisite-imports
debug: Resolve file:///D:/Hword/wx/maomao/Creator3.6Jump/assets/Scripts/GameManager.ts from cce:/internal/x/prerequisite-imports as file:///D:/Hword/wx/maomao/Creator3.6Jump/assets/Scripts/GameManager.ts.
debug: Detected change: file:///D:/Hword/wx/maomao/Creator3.6Jump/assets/Scripts/GameManager.ts. Last mtime: Sun Oct 16 2022 13:30:09 GMT+0800 (中国标准时间)@94fef229-f85b-4b75-bf2c-4e148e13212a, Current mtime: Sun Oct 16 2022 13:31:48 GMT+0800 (中国标准时间)@94fef229-f85b-4b75-bf2c-4e148e13212a
debug: Inspect file:///D:/Hword/wx/maomao/Creator3.6Jump/assets/Scripts/GameManager.ts
debug: Resolve cce:/internal/code-quality/cr.mjs from file:///D:/Hword/wx/maomao/Creator3.6Jump/assets/Scripts/GameManager.ts as cce:/internal/code-quality/cr.mjs.
debug: Resolve cc from file:///D:/Hword/wx/maomao/Creator3.6Jump/assets/Scripts/GameManager.ts as cce:/internal/x/cc.
debug: Resolve cc from file:///D:/Hword/wx/maomao/Creator3.6Jump/assets/Scripts/GameManager.ts as cce:/internal/x/cc.
debug: Resolve cc from file:///D:/Hword/wx/maomao/Creator3.6Jump/assets/Scripts/GameManager.ts as cce:/internal/x/cc.
debug: Resolve ./PlayerController from file:///D:/Hword/wx/maomao/Creator3.6Jump/assets/Scripts/GameManager.ts as file:///D:/Hword/wx/maomao/Creator3.6Jump/assets/Scripts/PlayerController.ts.
debug: Resolve file:///D:/Hword/wx/maomao/Creator3.6Jump/assets/Scripts/PlayerController.ts from cce:/internal/x/prerequisite-imports as file:///D:/Hword/wx/maomao/Creator3.6Jump/assets/Scripts/PlayerController.ts.
debug: Target(editor) ends with cost 95.7337999343872ms.
debug: Target(preview) build started.
debug: Detected change: cce:/internal/x/prerequisite-imports. Last mtime: Thu Jan 01 1970 11:57:18 GMT+0800 (中国标准时间), Current mtime: Thu Jan 01 1970 11:57:44 GMT+0800 (中国标准时间)
debug: Inspect cce:/internal/x/prerequisite-imports
debug: Resolve file:///D:/Hword/wx/maomao/Creator3.6Jump/assets/Scripts/GameManager.ts from cce:/internal/x/prerequisite-imports as file:///D:/Hword/wx/maomao/Creator3.6Jump/assets/Scripts/GameManager.ts.
debug: Detected change: file:///D:/Hword/wx/maomao/Creator3.6Jump/assets/Scripts/GameManager.ts. Last mtime: Sun Oct 16 2022 13:30:09 GMT+0800 (中国标准时间)@94fef229-f85b-4b75-bf2c-4e148e13212a, Current mtime: Sun Oct 16 2022 13:31:48 GMT+0800 (中国标准时间)@94fef229-f85b-4b75-bf2c-4e148e13212a
debug: Inspect file:///D:/Hword/wx/maomao/Creator3.6Jump/assets/Scripts/GameManager.ts
debug: Resolve cce:/internal/code-quality/cr.mjs from file:///D:/Hword/wx/maomao/Creator3.6Jump/assets/Scripts/GameManager.ts as cce:/internal/code-quality/cr.mjs.
debug: Resolve cc from file:///D:/Hword/wx/maomao/Creator3.6Jump/assets/Scripts/GameManager.ts as cce:/internal/x/cc.
debug: Resolve cc from file:///D:/Hword/wx/maomao/Creator3.6Jump/assets/Scripts/GameManager.ts as cce:/internal/x/cc.
debug: Resolve cc from file:///D:/Hword/wx/maomao/Creator3.6Jump/assets/Scripts/GameManager.ts as cce:/internal/x/cc.
debug: Resolve ./PlayerController from file:///D:/Hword/wx/maomao/Creator3.6Jump/assets/Scripts/GameManager.ts as file:///D:/Hword/wx/maomao/Creator3.6Jump/assets/Scripts/PlayerController.ts.
debug: Resolve file:///D:/Hword/wx/maomao/Creator3.6Jump/assets/Scripts/PlayerController.ts from cce:/internal/x/prerequisite-imports as file:///D:/Hword/wx/maomao/Creator3.6Jump/assets/Scripts/PlayerController.ts.
debug: Target(preview) ends with cost 575.4601001739502ms.
debug: Dispatch build request for time accumulated 2 asset changes.
debug: Build iteration starts.
Number of accumulated asset changes: 2
Feature changed: false
debug: Target(editor) build started.
debug: Detected change: cce:/internal/x/prerequisite-imports. Last mtime: Thu Jan 01 1970 11:57:44 GMT+0800 (中国标准时间), Current mtime: Thu Jan 01 1970 11:58:52 GMT+0800 (中国标准时间)
debug: Inspect cce:/internal/x/prerequisite-imports
debug: Resolve file:///D:/Hword/wx/maomao/Creator3.6Jump/assets/Scripts/GameManager.ts from cce:/internal/x/prerequisite-imports as file:///D:/Hword/wx/maomao/Creator3.6Jump/assets/Scripts/GameManager.ts.
debug: Detected change: file:///D:/Hword/wx/maomao/Creator3.6Jump/assets/Scripts/GameManager.ts. Last mtime: Sun Oct 16 2022 13:31:48 GMT+0800 (中国标准时间)@94fef229-f85b-4b75-bf2c-4e148e13212a, Current mtime: Sun Oct 16 2022 13:32:56 GMT+0800 (中国标准时间)@94fef229-f85b-4b75-bf2c-4e148e13212a
debug: Inspect file:///D:/Hword/wx/maomao/Creator3.6Jump/assets/Scripts/GameManager.ts
debug: Resolve cce:/internal/code-quality/cr.mjs from file:///D:/Hword/wx/maomao/Creator3.6Jump/assets/Scripts/GameManager.ts as cce:/internal/code-quality/cr.mjs.
debug: Resolve cc from file:///D:/Hword/wx/maomao/Creator3.6Jump/assets/Scripts/GameManager.ts as cce:/internal/x/cc.
debug: Resolve cc from file:///D:/Hword/wx/maomao/Creator3.6Jump/assets/Scripts/GameManager.ts as cce:/internal/x/cc.
debug: Resolve cc from file:///D:/Hword/wx/maomao/Creator3.6Jump/assets/Scripts/GameManager.ts as cce:/internal/x/cc.
debug: Resolve ./PlayerController from file:///D:/Hword/wx/maomao/Creator3.6Jump/assets/Scripts/GameManager.ts as file:///D:/Hword/wx/maomao/Creator3.6Jump/assets/Scripts/PlayerController.ts.
debug: Detected change: file:///D:/Hword/wx/maomao/Creator3.6Jump/assets/Scripts/PlayerController.ts. Last mtime: Sun Oct 16 2022 13:12:08 GMT+0800 (中国标准时间)@8c167e20-e0bf-4add-9c5b-e6af100b403e, Current mtime: Sun Oct 16 2022 13:32:57 GMT+0800 (中国标准时间)@8c167e20-e0bf-4add-9c5b-e6af100b403e
debug: Inspect file:///D:/Hword/wx/maomao/Creator3.6Jump/assets/Scripts/PlayerController.ts
debug: Resolve cc from file:///D:/Hword/wx/maomao/Creator3.6Jump/assets/Scripts/PlayerController.ts as cce:/internal/x/cc.
debug: Resolve cc from file:///D:/Hword/wx/maomao/Creator3.6Jump/assets/Scripts/PlayerController.ts as cce:/internal/x/cc.
debug: Resolve cc from file:///D:/Hword/wx/maomao/Creator3.6Jump/assets/Scripts/PlayerController.ts as cce:/internal/x/cc.
debug: Resolve file:///D:/Hword/wx/maomao/Creator3.6Jump/assets/Scripts/PlayerController.ts from cce:/internal/x/prerequisite-imports as file:///D:/Hword/wx/maomao/Creator3.6Jump/assets/Scripts/PlayerController.ts.
debug: Target(editor) ends with cost 194.71979999542236ms.
debug: Target(preview) build started.
debug: Detected change: cce:/internal/x/prerequisite-imports. Last mtime: Thu Jan 01 1970 11:57:44 GMT+0800 (中国标准时间), Current mtime: Thu Jan 01 1970 11:58:52 GMT+0800 (中国标准时间)
debug: Inspect cce:/internal/x/prerequisite-imports
debug: Resolve file:///D:/Hword/wx/maomao/Creator3.6Jump/assets/Scripts/GameManager.ts from cce:/internal/x/prerequisite-imports as file:///D:/Hword/wx/maomao/Creator3.6Jump/assets/Scripts/GameManager.ts.
debug: Detected change: file:///D:/Hword/wx/maomao/Creator3.6Jump/assets/Scripts/GameManager.ts. Last mtime: Sun Oct 16 2022 13:31:48 GMT+0800 (中国标准时间)@94fef229-f85b-4b75-bf2c-4e148e13212a, Current mtime: Sun Oct 16 2022 13:32:56 GMT+0800 (中国标准时间)@94fef229-f85b-4b75-bf2c-4e148e13212a
debug: Inspect file:///D:/Hword/wx/maomao/Creator3.6Jump/assets/Scripts/GameManager.ts
debug: Resolve cce:/internal/code-quality/cr.mjs from file:///D:/Hword/wx/maomao/Creator3.6Jump/assets/Scripts/GameManager.ts as cce:/internal/code-quality/cr.mjs.
debug: Resolve cc from file:///D:/Hword/wx/maomao/Creator3.6Jump/assets/Scripts/GameManager.ts as cce:/internal/x/cc.
debug: Resolve cc from file:///D:/Hword/wx/maomao/Creator3.6Jump/assets/Scripts/GameManager.ts as cce:/internal/x/cc.
debug: Resolve cc from file:///D:/Hword/wx/maomao/Creator3.6Jump/assets/Scripts/GameManager.ts as cce:/internal/x/cc.
debug: Resolve ./PlayerController from file:///D:/Hword/wx/maomao/Creator3.6Jump/assets/Scripts/GameManager.ts as file:///D:/Hword/wx/maomao/Creator3.6Jump/assets/Scripts/PlayerController.ts.
debug: Detected change: file:///D:/Hword/wx/maomao/Creator3.6Jump/assets/Scripts/PlayerController.ts. Last mtime: Sun Oct 16 2022 13:12:08 GMT+0800 (中国标准时间)@8c167e20-e0bf-4add-9c5b-e6af100b403e, Current mtime: Sun Oct 16 2022 13:32:57 GMT+0800 (中国标准时间)@8c167e20-e0bf-4add-9c5b-e6af100b403e
debug: Inspect file:///D:/Hword/wx/maomao/Creator3.6Jump/assets/Scripts/PlayerController.ts
debug: Resolve cc from file:///D:/Hword/wx/maomao/Creator3.6Jump/assets/Scripts/PlayerController.ts as cce:/internal/x/cc.
debug: Resolve cc from file:///D:/Hword/wx/maomao/Creator3.6Jump/assets/Scripts/PlayerController.ts as cce:/internal/x/cc.
debug: Resolve cc from file:///D:/Hword/wx/maomao/Creator3.6Jump/assets/Scripts/PlayerController.ts as cce:/internal/x/cc.
debug: Resolve file:///D:/Hword/wx/maomao/Creator3.6Jump/assets/Scripts/PlayerController.ts from cce:/internal/x/prerequisite-imports as file:///D:/Hword/wx/maomao/Creator3.6Jump/assets/Scripts/PlayerController.ts.
debug: Target(preview) ends with cost 299.9626998901367ms.
debug: Dispatch build request for time accumulated 1 asset changes.
debug: Build iteration starts.
Number of accumulated asset changes: 1
Feature changed: false
debug: Target(editor) build started.
debug: Detected change: cce:/internal/x/prerequisite-imports. Last mtime: Thu Jan 01 1970 11:58:52 GMT+0800 (中国标准时间), Current mtime: Thu Jan 01 1970 12:02:18 GMT+0800 (中国标准时间)
debug: Inspect cce:/internal/x/prerequisite-imports
debug: Resolve file:///D:/Hword/wx/maomao/Creator3.6Jump/assets/Scripts/GameManager.ts from cce:/internal/x/prerequisite-imports as file:///D:/Hword/wx/maomao/Creator3.6Jump/assets/Scripts/GameManager.ts.
debug: Detected change: file:///D:/Hword/wx/maomao/Creator3.6Jump/assets/Scripts/GameManager.ts. Last mtime: Sun Oct 16 2022 13:32:56 GMT+0800 (中国标准时间)@94fef229-f85b-4b75-bf2c-4e148e13212a, Current mtime: Sun Oct 16 2022 13:36:08 GMT+0800 (中国标准时间)@94fef229-f85b-4b75-bf2c-4e148e13212a
debug: Inspect file:///D:/Hword/wx/maomao/Creator3.6Jump/assets/Scripts/GameManager.ts
debug: Resolve cce:/internal/code-quality/cr.mjs from file:///D:/Hword/wx/maomao/Creator3.6Jump/assets/Scripts/GameManager.ts as cce:/internal/code-quality/cr.mjs.
debug: Resolve cc from file:///D:/Hword/wx/maomao/Creator3.6Jump/assets/Scripts/GameManager.ts as cce:/internal/x/cc.
debug: Resolve cc from file:///D:/Hword/wx/maomao/Creator3.6Jump/assets/Scripts/GameManager.ts as cce:/internal/x/cc.
debug: Resolve cc from file:///D:/Hword/wx/maomao/Creator3.6Jump/assets/Scripts/GameManager.ts as cce:/internal/x/cc.
debug: Resolve ./PlayerController from file:///D:/Hword/wx/maomao/Creator3.6Jump/assets/Scripts/GameManager.ts as file:///D:/Hword/wx/maomao/Creator3.6Jump/assets/Scripts/PlayerController.ts.
debug: Resolve file:///D:/Hword/wx/maomao/Creator3.6Jump/assets/Scripts/PlayerController.ts from cce:/internal/x/prerequisite-imports as file:///D:/Hword/wx/maomao/Creator3.6Jump/assets/Scripts/PlayerController.ts.
debug: Target(editor) ends with cost 100.62389993667603ms.
debug: Target(preview) build started.
debug: Detected change: cce:/internal/x/prerequisite-imports. Last mtime: Thu Jan 01 1970 11:58:52 GMT+0800 (中国标准时间), Current mtime: Thu Jan 01 1970 12:02:18 GMT+0800 (中国标准时间)
debug: Inspect cce:/internal/x/prerequisite-imports
debug: Resolve file:///D:/Hword/wx/maomao/Creator3.6Jump/assets/Scripts/GameManager.ts from cce:/internal/x/prerequisite-imports as file:///D:/Hword/wx/maomao/Creator3.6Jump/assets/Scripts/GameManager.ts.
debug: Detected change: file:///D:/Hword/wx/maomao/Creator3.6Jump/assets/Scripts/GameManager.ts. Last mtime: Sun Oct 16 2022 13:32:56 GMT+0800 (中国标准时间)@94fef229-f85b-4b75-bf2c-4e148e13212a, Current mtime: Sun Oct 16 2022 13:36:08 GMT+0800 (中国标准时间)@94fef229-f85b-4b75-bf2c-4e148e13212a
debug: Inspect file:///D:/Hword/wx/maomao/Creator3.6Jump/assets/Scripts/GameManager.ts
debug: Resolve cce:/internal/code-quality/cr.mjs from file:///D:/Hword/wx/maomao/Creator3.6Jump/assets/Scripts/GameManager.ts as cce:/internal/code-quality/cr.mjs.
debug: Resolve cc from file:///D:/Hword/wx/maomao/Creator3.6Jump/assets/Scripts/GameManager.ts as cce:/internal/x/cc.
debug: Resolve cc from file:///D:/Hword/wx/maomao/Creator3.6Jump/assets/Scripts/GameManager.ts as cce:/internal/x/cc.
debug: Resolve cc from file:///D:/Hword/wx/maomao/Creator3.6Jump/assets/Scripts/GameManager.ts as cce:/internal/x/cc.
debug: Resolve ./PlayerController from file:///D:/Hword/wx/maomao/Creator3.6Jump/assets/Scripts/GameManager.ts as file:///D:/Hword/wx/maomao/Creator3.6Jump/assets/Scripts/PlayerController.ts.
debug: Resolve file:///D:/Hword/wx/maomao/Creator3.6Jump/assets/Scripts/PlayerController.ts from cce:/internal/x/prerequisite-imports as file:///D:/Hword/wx/maomao/Creator3.6Jump/assets/Scripts/PlayerController.ts.
debug: Target(preview) ends with cost 151.84969997406006ms.
debug: Dispatch build request for time accumulated 1 asset changes.
debug: Build iteration starts.
Number of accumulated asset changes: 1
Feature changed: false
debug: Target(editor) build started.
debug: Detected change: cce:/internal/x/prerequisite-imports. Last mtime: Thu Jan 01 1970 12:02:18 GMT+0800 (中国标准时间), Current mtime: Thu Jan 01 1970 12:04:15 GMT+0800 (中国标准时间)
debug: Inspect cce:/internal/x/prerequisite-imports
debug: Resolve file:///D:/Hword/wx/maomao/Creator3.6Jump/assets/Scripts/GameManager.ts from cce:/internal/x/prerequisite-imports as file:///D:/Hword/wx/maomao/Creator3.6Jump/assets/Scripts/GameManager.ts.
debug: Detected change: file:///D:/Hword/wx/maomao/Creator3.6Jump/assets/Scripts/GameManager.ts. Last mtime: Sun Oct 16 2022 13:36:08 GMT+0800 (中国标准时间)@94fef229-f85b-4b75-bf2c-4e148e13212a, Current mtime: Sun Oct 16 2022 13:37:55 GMT+0800 (中国标准时间)@94fef229-f85b-4b75-bf2c-4e148e13212a
debug: Inspect file:///D:/Hword/wx/maomao/Creator3.6Jump/assets/Scripts/GameManager.ts
debug: Resolve cce:/internal/code-quality/cr.mjs from file:///D:/Hword/wx/maomao/Creator3.6Jump/assets/Scripts/GameManager.ts as cce:/internal/code-quality/cr.mjs.
debug: Resolve cc from file:///D:/Hword/wx/maomao/Creator3.6Jump/assets/Scripts/GameManager.ts as cce:/internal/x/cc.
debug: Resolve cc from file:///D:/Hword/wx/maomao/Creator3.6Jump/assets/Scripts/GameManager.ts as cce:/internal/x/cc.
debug: Resolve cc from file:///D:/Hword/wx/maomao/Creator3.6Jump/assets/Scripts/GameManager.ts as cce:/internal/x/cc.
debug: Resolve ./PlayerController from file:///D:/Hword/wx/maomao/Creator3.6Jump/assets/Scripts/GameManager.ts as file:///D:/Hword/wx/maomao/Creator3.6Jump/assets/Scripts/PlayerController.ts.
debug: Resolve file:///D:/Hword/wx/maomao/Creator3.6Jump/assets/Scripts/PlayerController.ts from cce:/internal/x/prerequisite-imports as file:///D:/Hword/wx/maomao/Creator3.6Jump/assets/Scripts/PlayerController.ts.
debug: Target(editor) ends with cost 113.85190010070801ms.
debug: Target(preview) build started.
debug: Detected change: cce:/internal/x/prerequisite-imports. Last mtime: Thu Jan 01 1970 12:02:18 GMT+0800 (中国标准时间), Current mtime: Thu Jan 01 1970 12:04:15 GMT+0800 (中国标准时间)
debug: Inspect cce:/internal/x/prerequisite-imports
debug: Resolve file:///D:/Hword/wx/maomao/Creator3.6Jump/assets/Scripts/GameManager.ts from cce:/internal/x/prerequisite-imports as file:///D:/Hword/wx/maomao/Creator3.6Jump/assets/Scripts/GameManager.ts.
debug: Detected change: file:///D:/Hword/wx/maomao/Creator3.6Jump/assets/Scripts/GameManager.ts. Last mtime: Sun Oct 16 2022 13:36:08 GMT+0800 (中国标准时间)@94fef229-f85b-4b75-bf2c-4e148e13212a, Current mtime: Sun Oct 16 2022 13:37:55 GMT+0800 (中国标准时间)@94fef229-f85b-4b75-bf2c-4e148e13212a
debug: Inspect file:///D:/Hword/wx/maomao/Creator3.6Jump/assets/Scripts/GameManager.ts
debug: Resolve cce:/internal/code-quality/cr.mjs from file:///D:/Hword/wx/maomao/Creator3.6Jump/assets/Scripts/GameManager.ts as cce:/internal/code-quality/cr.mjs.
debug: Resolve cc from file:///D:/Hword/wx/maomao/Creator3.6Jump/assets/Scripts/GameManager.ts as cce:/internal/x/cc.
debug: Resolve cc from file:///D:/Hword/wx/maomao/Creator3.6Jump/assets/Scripts/GameManager.ts as cce:/internal/x/cc.
debug: Resolve cc from file:///D:/Hword/wx/maomao/Creator3.6Jump/assets/Scripts/GameManager.ts as cce:/internal/x/cc.
debug: Resolve ./PlayerController from file:///D:/Hword/wx/maomao/Creator3.6Jump/assets/Scripts/GameManager.ts as file:///D:/Hword/wx/maomao/Creator3.6Jump/assets/Scripts/PlayerController.ts.
debug: Resolve file:///D:/Hword/wx/maomao/Creator3.6Jump/assets/Scripts/PlayerController.ts from cce:/internal/x/prerequisite-imports as file:///D:/Hword/wx/maomao/Creator3.6Jump/assets/Scripts/PlayerController.ts.
debug: Target(preview) ends with cost 538.1178998947144ms.
debug: Dispatch build request for time accumulated 1 asset changes.
debug: Build iteration starts.
Number of accumulated asset changes: 1
Feature changed: false
debug: Target(editor) build started.
debug: Detected change: cce:/internal/x/prerequisite-imports. Last mtime: Thu Jan 01 1970 12:04:15 GMT+0800 (中国标准时间), Current mtime: Thu Jan 01 1970 12:06:26 GMT+0800 (中国标准时间)
debug: Inspect cce:/internal/x/prerequisite-imports
debug: Resolve file:///D:/Hword/wx/maomao/Creator3.6Jump/assets/Scripts/GameManager.ts from cce:/internal/x/prerequisite-imports as file:///D:/Hword/wx/maomao/Creator3.6Jump/assets/Scripts/GameManager.ts.
debug: Detected change: file:///D:/Hword/wx/maomao/Creator3.6Jump/assets/Scripts/GameManager.ts. Last mtime: Sun Oct 16 2022 13:37:55 GMT+0800 (中国标准时间)@94fef229-f85b-4b75-bf2c-4e148e13212a, Current mtime: Sun Oct 16 2022 13:40:15 GMT+0800 (中国标准时间)@94fef229-f85b-4b75-bf2c-4e148e13212a
debug: Inspect file:///D:/Hword/wx/maomao/Creator3.6Jump/assets/Scripts/GameManager.ts
debug: Resolve cce:/internal/code-quality/cr.mjs from file:///D:/Hword/wx/maomao/Creator3.6Jump/assets/Scripts/GameManager.ts as cce:/internal/code-quality/cr.mjs.
debug: Resolve cc from file:///D:/Hword/wx/maomao/Creator3.6Jump/assets/Scripts/GameManager.ts as cce:/internal/x/cc.
debug: Resolve cc from file:///D:/Hword/wx/maomao/Creator3.6Jump/assets/Scripts/GameManager.ts as cce:/internal/x/cc.
debug: Resolve cc from file:///D:/Hword/wx/maomao/Creator3.6Jump/assets/Scripts/GameManager.ts as cce:/internal/x/cc.
debug: Resolve ./PlayerController from file:///D:/Hword/wx/maomao/Creator3.6Jump/assets/Scripts/GameManager.ts as file:///D:/Hword/wx/maomao/Creator3.6Jump/assets/Scripts/PlayerController.ts.
debug: Resolve file:///D:/Hword/wx/maomao/Creator3.6Jump/assets/Scripts/PlayerController.ts from cce:/internal/x/prerequisite-imports as file:///D:/Hword/wx/maomao/Creator3.6Jump/assets/Scripts/PlayerController.ts.
debug: Target(editor) ends with cost 109.35270023345947ms.
debug: Target(preview) build started.
debug: Detected change: cce:/internal/x/prerequisite-imports. Last mtime: Thu Jan 01 1970 12:04:15 GMT+0800 (中国标准时间), Current mtime: Thu Jan 01 1970 12:06:27 GMT+0800 (中国标准时间)
debug: Inspect cce:/internal/x/prerequisite-imports
debug: Resolve file:///D:/Hword/wx/maomao/Creator3.6Jump/assets/Scripts/GameManager.ts from cce:/internal/x/prerequisite-imports as file:///D:/Hword/wx/maomao/Creator3.6Jump/assets/Scripts/GameManager.ts.
debug: Detected change: file:///D:/Hword/wx/maomao/Creator3.6Jump/assets/Scripts/GameManager.ts. Last mtime: Sun Oct 16 2022 13:37:55 GMT+0800 (中国标准时间)@94fef229-f85b-4b75-bf2c-4e148e13212a, Current mtime: Sun Oct 16 2022 13:40:15 GMT+0800 (中国标准时间)@94fef229-f85b-4b75-bf2c-4e148e13212a
debug: Inspect file:///D:/Hword/wx/maomao/Creator3.6Jump/assets/Scripts/GameManager.ts
debug: Resolve cce:/internal/code-quality/cr.mjs from file:///D:/Hword/wx/maomao/Creator3.6Jump/assets/Scripts/GameManager.ts as cce:/internal/code-quality/cr.mjs.
debug: Resolve cc from file:///D:/Hword/wx/maomao/Creator3.6Jump/assets/Scripts/GameManager.ts as cce:/internal/x/cc.
debug: Resolve cc from file:///D:/Hword/wx/maomao/Creator3.6Jump/assets/Scripts/GameManager.ts as cce:/internal/x/cc.
debug: Resolve cc from file:///D:/Hword/wx/maomao/Creator3.6Jump/assets/Scripts/GameManager.ts as cce:/internal/x/cc.
debug: Resolve ./PlayerController from file:///D:/Hword/wx/maomao/Creator3.6Jump/assets/Scripts/GameManager.ts as file:///D:/Hword/wx/maomao/Creator3.6Jump/assets/Scripts/PlayerController.ts.
debug: Resolve file:///D:/Hword/wx/maomao/Creator3.6Jump/assets/Scripts/PlayerController.ts from cce:/internal/x/prerequisite-imports as file:///D:/Hword/wx/maomao/Creator3.6Jump/assets/Scripts/PlayerController.ts.
debug: Target(preview) ends with cost 247.435800075531ms.
debug: Dispatch build request for time accumulated 1 asset changes.
debug: Build iteration starts.
Number of accumulated asset changes: 1
Feature changed: false
debug: Target(editor) build started.
debug: Detected change: cce:/internal/x/prerequisite-imports. Last mtime: Thu Jan 01 1970 12:06:26 GMT+0800 (中国标准时间), Current mtime: Thu Jan 01 1970 12:09:33 GMT+0800 (中国标准时间)
debug: Inspect cce:/internal/x/prerequisite-imports
debug: Resolve file:///D:/Hword/wx/maomao/Creator3.6Jump/assets/Scripts/GameManager.ts from cce:/internal/x/prerequisite-imports as file:///D:/Hword/wx/maomao/Creator3.6Jump/assets/Scripts/GameManager.ts.
debug: Detected change: file:///D:/Hword/wx/maomao/Creator3.6Jump/assets/Scripts/GameManager.ts. Last mtime: Sun Oct 16 2022 13:40:15 GMT+0800 (中国标准时间)@94fef229-f85b-4b75-bf2c-4e148e13212a, Current mtime: Sun Oct 16 2022 13:43:40 GMT+0800 (中国标准时间)@94fef229-f85b-4b75-bf2c-4e148e13212a
debug: Inspect file:///D:/Hword/wx/maomao/Creator3.6Jump/assets/Scripts/GameManager.ts
debug: Resolve cce:/internal/code-quality/cr.mjs from file:///D:/Hword/wx/maomao/Creator3.6Jump/assets/Scripts/GameManager.ts as cce:/internal/code-quality/cr.mjs.
debug: Resolve cc from file:///D:/Hword/wx/maomao/Creator3.6Jump/assets/Scripts/GameManager.ts as cce:/internal/x/cc.
debug: Resolve cc from file:///D:/Hword/wx/maomao/Creator3.6Jump/assets/Scripts/GameManager.ts as cce:/internal/x/cc.
debug: Resolve cc from file:///D:/Hword/wx/maomao/Creator3.6Jump/assets/Scripts/GameManager.ts as cce:/internal/x/cc.
debug: Resolve ./PlayerController from file:///D:/Hword/wx/maomao/Creator3.6Jump/assets/Scripts/GameManager.ts as file:///D:/Hword/wx/maomao/Creator3.6Jump/assets/Scripts/PlayerController.ts.
debug: Resolve file:///D:/Hword/wx/maomao/Creator3.6Jump/assets/Scripts/PlayerController.ts from cce:/internal/x/prerequisite-imports as file:///D:/Hword/wx/maomao/Creator3.6Jump/assets/Scripts/PlayerController.ts.
debug: Target(editor) ends with cost 121.87200021743774ms.
debug: Target(preview) build started.
debug: Detected change: cce:/internal/x/prerequisite-imports. Last mtime: Thu Jan 01 1970 12:06:27 GMT+0800 (中国标准时间), Current mtime: Thu Jan 01 1970 12:09:33 GMT+0800 (中国标准时间)
debug: Inspect cce:/internal/x/prerequisite-imports
debug: Resolve file:///D:/Hword/wx/maomao/Creator3.6Jump/assets/Scripts/GameManager.ts from cce:/internal/x/prerequisite-imports as file:///D:/Hword/wx/maomao/Creator3.6Jump/assets/Scripts/GameManager.ts.
debug: Detected change: file:///D:/Hword/wx/maomao/Creator3.6Jump/assets/Scripts/GameManager.ts. Last mtime: Sun Oct 16 2022 13:40:15 GMT+0800 (中国标准时间)@94fef229-f85b-4b75-bf2c-4e148e13212a, Current mtime: Sun Oct 16 2022 13:43:40 GMT+0800 (中国标准时间)@94fef229-f85b-4b75-bf2c-4e148e13212a
debug: Inspect file:///D:/Hword/wx/maomao/Creator3.6Jump/assets/Scripts/GameManager.ts
debug: Resolve cce:/internal/code-quality/cr.mjs from file:///D:/Hword/wx/maomao/Creator3.6Jump/assets/Scripts/GameManager.ts as cce:/internal/code-quality/cr.mjs.
debug: Resolve cc from file:///D:/Hword/wx/maomao/Creator3.6Jump/assets/Scripts/GameManager.ts as cce:/internal/x/cc.
debug: Resolve cc from file:///D:/Hword/wx/maomao/Creator3.6Jump/assets/Scripts/GameManager.ts as cce:/internal/x/cc.
debug: Resolve cc from file:///D:/Hword/wx/maomao/Creator3.6Jump/assets/Scripts/GameManager.ts as cce:/internal/x/cc.
debug: Resolve ./PlayerController from file:///D:/Hword/wx/maomao/Creator3.6Jump/assets/Scripts/GameManager.ts as file:///D:/Hword/wx/maomao/Creator3.6Jump/assets/Scripts/PlayerController.ts.
debug: Resolve file:///D:/Hword/wx/maomao/Creator3.6Jump/assets/Scripts/PlayerController.ts from cce:/internal/x/prerequisite-imports as file:///D:/Hword/wx/maomao/Creator3.6Jump/assets/Scripts/PlayerController.ts.
debug: Target(preview) ends with cost 140.3621997833252ms.
debug: Dispatch build request for time accumulated 1 asset changes.
debug: Build iteration starts.
Number of accumulated asset changes: 1
Feature changed: false
debug: Target(editor) build started.
debug: Detected change: cce:/internal/x/prerequisite-imports. Last mtime: Thu Jan 01 1970 12:09:33 GMT+0800 (中国标准时间), Current mtime: Thu Jan 01 1970 12:16:15 GMT+0800 (中国标准时间)
debug: Inspect cce:/internal/x/prerequisite-imports
debug: Resolve file:///D:/Hword/wx/maomao/Creator3.6Jump/assets/Scripts/GameManager.ts from cce:/internal/x/prerequisite-imports as file:///D:/Hword/wx/maomao/Creator3.6Jump/assets/Scripts/GameManager.ts.
debug: Detected change: file:///D:/Hword/wx/maomao/Creator3.6Jump/assets/Scripts/GameManager.ts. Last mtime: Sun Oct 16 2022 13:43:40 GMT+0800 (中国标准时间)@94fef229-f85b-4b75-bf2c-4e148e13212a, Current mtime: Sun Oct 16 2022 13:49:07 GMT+0800 (中国标准时间)@94fef229-f85b-4b75-bf2c-4e148e13212a
debug: Inspect file:///D:/Hword/wx/maomao/Creator3.6Jump/assets/Scripts/GameManager.ts
debug: Resolve cce:/internal/code-quality/cr.mjs from file:///D:/Hword/wx/maomao/Creator3.6Jump/assets/Scripts/GameManager.ts as cce:/internal/code-quality/cr.mjs.
debug: Resolve cc from file:///D:/Hword/wx/maomao/Creator3.6Jump/assets/Scripts/GameManager.ts as cce:/internal/x/cc.
debug: Resolve cc from file:///D:/Hword/wx/maomao/Creator3.6Jump/assets/Scripts/GameManager.ts as cce:/internal/x/cc.
debug: Resolve cc from file:///D:/Hword/wx/maomao/Creator3.6Jump/assets/Scripts/GameManager.ts as cce:/internal/x/cc.
debug: Resolve ./PlayerController from file:///D:/Hword/wx/maomao/Creator3.6Jump/assets/Scripts/GameManager.ts as file:///D:/Hword/wx/maomao/Creator3.6Jump/assets/Scripts/PlayerController.ts.
debug: Resolve file:///D:/Hword/wx/maomao/Creator3.6Jump/assets/Scripts/PlayerController.ts from cce:/internal/x/prerequisite-imports as file:///D:/Hword/wx/maomao/Creator3.6Jump/assets/Scripts/PlayerController.ts.
debug: Target(editor) ends with cost 98.36950016021729ms.
debug: Target(preview) build started.
debug: Detected change: cce:/internal/x/prerequisite-imports. Last mtime: Thu Jan 01 1970 12:09:33 GMT+0800 (中国标准时间), Current mtime: Thu Jan 01 1970 12:16:15 GMT+0800 (中国标准时间)
debug: Inspect cce:/internal/x/prerequisite-imports
debug: Resolve file:///D:/Hword/wx/maomao/Creator3.6Jump/assets/Scripts/GameManager.ts from cce:/internal/x/prerequisite-imports as file:///D:/Hword/wx/maomao/Creator3.6Jump/assets/Scripts/GameManager.ts.
debug: Detected change: file:///D:/Hword/wx/maomao/Creator3.6Jump/assets/Scripts/GameManager.ts. Last mtime: Sun Oct 16 2022 13:43:40 GMT+0800 (中国标准时间)@94fef229-f85b-4b75-bf2c-4e148e13212a, Current mtime: Sun Oct 16 2022 13:49:07 GMT+0800 (中国标准时间)@94fef229-f85b-4b75-bf2c-4e148e13212a
debug: Inspect file:///D:/Hword/wx/maomao/Creator3.6Jump/assets/Scripts/GameManager.ts
debug: Resolve cce:/internal/code-quality/cr.mjs from file:///D:/Hword/wx/maomao/Creator3.6Jump/assets/Scripts/GameManager.ts as cce:/internal/code-quality/cr.mjs.
debug: Resolve cc from file:///D:/Hword/wx/maomao/Creator3.6Jump/assets/Scripts/GameManager.ts as cce:/internal/x/cc.
debug: Resolve cc from file:///D:/Hword/wx/maomao/Creator3.6Jump/assets/Scripts/GameManager.ts as cce:/internal/x/cc.
debug: Resolve cc from file:///D:/Hword/wx/maomao/Creator3.6Jump/assets/Scripts/GameManager.ts as cce:/internal/x/cc.
debug: Resolve ./PlayerController from file:///D:/Hword/wx/maomao/Creator3.6Jump/assets/Scripts/GameManager.ts as file:///D:/Hword/wx/maomao/Creator3.6Jump/assets/Scripts/PlayerController.ts.
debug: Resolve file:///D:/Hword/wx/maomao/Creator3.6Jump/assets/Scripts/PlayerController.ts from cce:/internal/x/prerequisite-imports as file:///D:/Hword/wx/maomao/Creator3.6Jump/assets/Scripts/PlayerController.ts.
debug: Target(preview) ends with cost 2495.086699962616ms.
debug: Dispatch build request for time accumulated 1 asset changes.
debug: Build iteration starts.
Number of accumulated asset changes: 1
Feature changed: false
debug: Target(editor) build started.
debug: Detected change: cce:/internal/x/prerequisite-imports. Last mtime: Thu Jan 01 1970 12:16:15 GMT+0800 (中国标准时间), Current mtime: Thu Jan 01 1970 12:42:51 GMT+0800 (中国标准时间)
debug: Inspect cce:/internal/x/prerequisite-imports
debug: Resolve file:///D:/Hword/wx/maomao/Creator3.6Jump/assets/Scripts/GameManager.ts from cce:/internal/x/prerequisite-imports as file:///D:/Hword/wx/maomao/Creator3.6Jump/assets/Scripts/GameManager.ts.
debug: Detected change: file:///D:/Hword/wx/maomao/Creator3.6Jump/assets/Scripts/PlayerController.ts. Last mtime: Sun Oct 16 2022 13:32:57 GMT+0800 (中国标准时间)@8c167e20-e0bf-4add-9c5b-e6af100b403e, Current mtime: Sun Oct 16 2022 14:16:40 GMT+0800 (中国标准时间)@8c167e20-e0bf-4add-9c5b-e6af100b403e
debug: Inspect file:///D:/Hword/wx/maomao/Creator3.6Jump/assets/Scripts/PlayerController.ts
debug: Resolve cc from file:///D:/Hword/wx/maomao/Creator3.6Jump/assets/Scripts/PlayerController.ts as cce:/internal/x/cc.
debug: Resolve cc from file:///D:/Hword/wx/maomao/Creator3.6Jump/assets/Scripts/PlayerController.ts as cce:/internal/x/cc.
debug: Resolve cc from file:///D:/Hword/wx/maomao/Creator3.6Jump/assets/Scripts/PlayerController.ts as cce:/internal/x/cc.
debug: Resolve file:///D:/Hword/wx/maomao/Creator3.6Jump/assets/Scripts/PlayerController.ts from cce:/internal/x/prerequisite-imports as file:///D:/Hword/wx/maomao/Creator3.6Jump/assets/Scripts/PlayerController.ts.
debug: Target(editor) ends with cost 217.6315999031067ms.
debug: Target(preview) build started.
debug: Detected change: cce:/internal/x/prerequisite-imports. Last mtime: Thu Jan 01 1970 12:16:15 GMT+0800 (中国标准时间), Current mtime: Thu Jan 01 1970 12:42:51 GMT+0800 (中国标准时间)
debug: Inspect cce:/internal/x/prerequisite-imports
debug: Resolve file:///D:/Hword/wx/maomao/Creator3.6Jump/assets/Scripts/GameManager.ts from cce:/internal/x/prerequisite-imports as file:///D:/Hword/wx/maomao/Creator3.6Jump/assets/Scripts/GameManager.ts.
debug: Detected change: file:///D:/Hword/wx/maomao/Creator3.6Jump/assets/Scripts/PlayerController.ts. Last mtime: Sun Oct 16 2022 13:32:57 GMT+0800 (中国标准时间)@8c167e20-e0bf-4add-9c5b-e6af100b403e, Current mtime: Sun Oct 16 2022 14:16:40 GMT+0800 (中国标准时间)@8c167e20-e0bf-4add-9c5b-e6af100b403e
debug: Inspect file:///D:/Hword/wx/maomao/Creator3.6Jump/assets/Scripts/PlayerController.ts
debug: Resolve cc from file:///D:/Hword/wx/maomao/Creator3.6Jump/assets/Scripts/PlayerController.ts as cce:/internal/x/cc.
debug: Resolve cc from file:///D:/Hword/wx/maomao/Creator3.6Jump/assets/Scripts/PlayerController.ts as cce:/internal/x/cc.
debug: Resolve cc from file:///D:/Hword/wx/maomao/Creator3.6Jump/assets/Scripts/PlayerController.ts as cce:/internal/x/cc.
debug: Resolve file:///D:/Hword/wx/maomao/Creator3.6Jump/assets/Scripts/PlayerController.ts from cce:/internal/x/prerequisite-imports as file:///D:/Hword/wx/maomao/Creator3.6Jump/assets/Scripts/PlayerController.ts.
debug: Target(preview) ends with cost 155.52850008010864ms.
debug: Dispatch build request for time accumulated 2 asset changes.
debug: Build iteration starts.
Number of accumulated asset changes: 2
Feature changed: false
debug: Target(editor) build started.
debug: Detected change: cce:/internal/x/prerequisite-imports. Last mtime: Thu Jan 01 1970 12:42:51 GMT+0800 (中国标准时间), Current mtime: Thu Jan 01 1970 12:44:37 GMT+0800 (中国标准时间)
debug: Inspect cce:/internal/x/prerequisite-imports
debug: Resolve file:///D:/Hword/wx/maomao/Creator3.6Jump/assets/Scripts/GameManager.ts from cce:/internal/x/prerequisite-imports as file:///D:/Hword/wx/maomao/Creator3.6Jump/assets/Scripts/GameManager.ts.
debug: Detected change: file:///D:/Hword/wx/maomao/Creator3.6Jump/assets/Scripts/GameManager.ts. Last mtime: Sun Oct 16 2022 13:49:07 GMT+0800 (中国标准时间)@94fef229-f85b-4b75-bf2c-4e148e13212a, Current mtime: Sun Oct 16 2022 14:18:43 GMT+0800 (中国标准时间)@94fef229-f85b-4b75-bf2c-4e148e13212a
debug: Inspect file:///D:/Hword/wx/maomao/Creator3.6Jump/assets/Scripts/GameManager.ts
debug: Resolve cce:/internal/code-quality/cr.mjs from file:///D:/Hword/wx/maomao/Creator3.6Jump/assets/Scripts/GameManager.ts as cce:/internal/code-quality/cr.mjs.
debug: Resolve cc from file:///D:/Hword/wx/maomao/Creator3.6Jump/assets/Scripts/GameManager.ts as cce:/internal/x/cc.
debug: Resolve cc from file:///D:/Hword/wx/maomao/Creator3.6Jump/assets/Scripts/GameManager.ts as cce:/internal/x/cc.
debug: Resolve cc from file:///D:/Hword/wx/maomao/Creator3.6Jump/assets/Scripts/GameManager.ts as cce:/internal/x/cc.
debug: Resolve ./PlayerController from file:///D:/Hword/wx/maomao/Creator3.6Jump/assets/Scripts/GameManager.ts as file:///D:/Hword/wx/maomao/Creator3.6Jump/assets/Scripts/PlayerController.ts.
debug: Detected change: file:///D:/Hword/wx/maomao/Creator3.6Jump/assets/Scripts/PlayerController.ts. Last mtime: Sun Oct 16 2022 14:16:40 GMT+0800 (中国标准时间)@8c167e20-e0bf-4add-9c5b-e6af100b403e, Current mtime: Sun Oct 16 2022 14:18:42 GMT+0800 (中国标准时间)@8c167e20-e0bf-4add-9c5b-e6af100b403e
debug: Inspect file:///D:/Hword/wx/maomao/Creator3.6Jump/assets/Scripts/PlayerController.ts
debug: Resolve cc from file:///D:/Hword/wx/maomao/Creator3.6Jump/assets/Scripts/PlayerController.ts as cce:/internal/x/cc.
debug: Resolve cc from file:///D:/Hword/wx/maomao/Creator3.6Jump/assets/Scripts/PlayerController.ts as cce:/internal/x/cc.
debug: Resolve cc from file:///D:/Hword/wx/maomao/Creator3.6Jump/assets/Scripts/PlayerController.ts as cce:/internal/x/cc.
debug: Resolve file:///D:/Hword/wx/maomao/Creator3.6Jump/assets/Scripts/PlayerController.ts from cce:/internal/x/prerequisite-imports as file:///D:/Hword/wx/maomao/Creator3.6Jump/assets/Scripts/PlayerController.ts.
debug: Target(editor) ends with cost 162.80970001220703ms.
debug: Target(preview) build started.
debug: Detected change: cce:/internal/x/prerequisite-imports. Last mtime: Thu Jan 01 1970 12:42:51 GMT+0800 (中国标准时间), Current mtime: Thu Jan 01 1970 12:44:37 GMT+0800 (中国标准时间)
debug: Inspect cce:/internal/x/prerequisite-imports
debug: Resolve file:///D:/Hword/wx/maomao/Creator3.6Jump/assets/Scripts/GameManager.ts from cce:/internal/x/prerequisite-imports as file:///D:/Hword/wx/maomao/Creator3.6Jump/assets/Scripts/GameManager.ts.
debug: Detected change: file:///D:/Hword/wx/maomao/Creator3.6Jump/assets/Scripts/GameManager.ts. Last mtime: Sun Oct 16 2022 13:49:07 GMT+0800 (中国标准时间)@94fef229-f85b-4b75-bf2c-4e148e13212a, Current mtime: Sun Oct 16 2022 14:18:43 GMT+0800 (中国标准时间)@94fef229-f85b-4b75-bf2c-4e148e13212a
debug: Inspect file:///D:/Hword/wx/maomao/Creator3.6Jump/assets/Scripts/GameManager.ts
debug: Resolve cce:/internal/code-quality/cr.mjs from file:///D:/Hword/wx/maomao/Creator3.6Jump/assets/Scripts/GameManager.ts as cce:/internal/code-quality/cr.mjs.
debug: Resolve cc from file:///D:/Hword/wx/maomao/Creator3.6Jump/assets/Scripts/GameManager.ts as cce:/internal/x/cc.
debug: Resolve cc from file:///D:/Hword/wx/maomao/Creator3.6Jump/assets/Scripts/GameManager.ts as cce:/internal/x/cc.
debug: Resolve cc from file:///D:/Hword/wx/maomao/Creator3.6Jump/assets/Scripts/GameManager.ts as cce:/internal/x/cc.
debug: Resolve ./PlayerController from file:///D:/Hword/wx/maomao/Creator3.6Jump/assets/Scripts/GameManager.ts as file:///D:/Hword/wx/maomao/Creator3.6Jump/assets/Scripts/PlayerController.ts.
debug: Detected change: file:///D:/Hword/wx/maomao/Creator3.6Jump/assets/Scripts/PlayerController.ts. Last mtime: Sun Oct 16 2022 14:16:40 GMT+0800 (中国标准时间)@8c167e20-e0bf-4add-9c5b-e6af100b403e, Current mtime: Sun Oct 16 2022 14:18:42 GMT+0800 (中国标准时间)@8c167e20-e0bf-4add-9c5b-e6af100b403e
debug: Inspect file:///D:/Hword/wx/maomao/Creator3.6Jump/assets/Scripts/PlayerController.ts
debug: Resolve cc from file:///D:/Hword/wx/maomao/Creator3.6Jump/assets/Scripts/PlayerController.ts as cce:/internal/x/cc.
debug: Resolve cc from file:///D:/Hword/wx/maomao/Creator3.6Jump/assets/Scripts/PlayerController.ts as cce:/internal/x/cc.
debug: Resolve cc from file:///D:/Hword/wx/maomao/Creator3.6Jump/assets/Scripts/PlayerController.ts as cce:/internal/x/cc.
debug: Resolve file:///D:/Hword/wx/maomao/Creator3.6Jump/assets/Scripts/PlayerController.ts from cce:/internal/x/prerequisite-imports as file:///D:/Hword/wx/maomao/Creator3.6Jump/assets/Scripts/PlayerController.ts.
debug: Target(preview) ends with cost 498.5605001449585ms.
debug: Dispatch build request for time accumulated 2 asset changes.
debug: Build iteration starts.
Number of accumulated asset changes: 2
Feature changed: false
debug: Target(editor) build started.
debug: Detected change: cce:/internal/x/prerequisite-imports. Last mtime: Thu Jan 01 1970 12:44:37 GMT+0800 (中国标准时间), Current mtime: Thu Jan 01 1970 12:46:00 GMT+0800 (中国标准时间)
debug: Inspect cce:/internal/x/prerequisite-imports
debug: Resolve file:///D:/Hword/wx/maomao/Creator3.6Jump/assets/Scripts/GameManager.ts from cce:/internal/x/prerequisite-imports as file:///D:/Hword/wx/maomao/Creator3.6Jump/assets/Scripts/GameManager.ts.
debug: Detected change: file:///D:/Hword/wx/maomao/Creator3.6Jump/assets/Scripts/GameManager.ts. Last mtime: Sun Oct 16 2022 14:18:43 GMT+0800 (中国标准时间)@94fef229-f85b-4b75-bf2c-4e148e13212a, Current mtime: Sun Oct 16 2022 14:19:53 GMT+0800 (中国标准时间)@94fef229-f85b-4b75-bf2c-4e148e13212a
debug: Inspect file:///D:/Hword/wx/maomao/Creator3.6Jump/assets/Scripts/GameManager.ts
debug: Resolve cce:/internal/code-quality/cr.mjs from file:///D:/Hword/wx/maomao/Creator3.6Jump/assets/Scripts/GameManager.ts as cce:/internal/code-quality/cr.mjs.
debug: Resolve cc from file:///D:/Hword/wx/maomao/Creator3.6Jump/assets/Scripts/GameManager.ts as cce:/internal/x/cc.
debug: Resolve cc from file:///D:/Hword/wx/maomao/Creator3.6Jump/assets/Scripts/GameManager.ts as cce:/internal/x/cc.
debug: Resolve cc from file:///D:/Hword/wx/maomao/Creator3.6Jump/assets/Scripts/GameManager.ts as cce:/internal/x/cc.
debug: Resolve ./PlayerController from file:///D:/Hword/wx/maomao/Creator3.6Jump/assets/Scripts/GameManager.ts as file:///D:/Hword/wx/maomao/Creator3.6Jump/assets/Scripts/PlayerController.ts.
debug: Detected change: file:///D:/Hword/wx/maomao/Creator3.6Jump/assets/Scripts/PlayerController.ts. Last mtime: Sun Oct 16 2022 14:18:42 GMT+0800 (中国标准时间)@8c167e20-e0bf-4add-9c5b-e6af100b403e, Current mtime: Sun Oct 16 2022 14:20:05 GMT+0800 (中国标准时间)@8c167e20-e0bf-4add-9c5b-e6af100b403e
debug: Inspect file:///D:/Hword/wx/maomao/Creator3.6Jump/assets/Scripts/PlayerController.ts
debug: Resolve cc from file:///D:/Hword/wx/maomao/Creator3.6Jump/assets/Scripts/PlayerController.ts as cce:/internal/x/cc.
debug: Resolve cc from file:///D:/Hword/wx/maomao/Creator3.6Jump/assets/Scripts/PlayerController.ts as cce:/internal/x/cc.
debug: Resolve cc from file:///D:/Hword/wx/maomao/Creator3.6Jump/assets/Scripts/PlayerController.ts as cce:/internal/x/cc.
debug: Resolve file:///D:/Hword/wx/maomao/Creator3.6Jump/assets/Scripts/PlayerController.ts from cce:/internal/x/prerequisite-imports as file:///D:/Hword/wx/maomao/Creator3.6Jump/assets/Scripts/PlayerController.ts.
debug: Target(editor) ends with cost 376.5502996444702ms.
debug: Target(preview) build started.
debug: Detected change: cce:/internal/x/prerequisite-imports. Last mtime: Thu Jan 01 1970 12:44:37 GMT+0800 (中国标准时间), Current mtime: Thu Jan 01 1970 12:46:01 GMT+0800 (中国标准时间)
debug: Inspect cce:/internal/x/prerequisite-imports
debug: Resolve file:///D:/Hword/wx/maomao/Creator3.6Jump/assets/Scripts/GameManager.ts from cce:/internal/x/prerequisite-imports as file:///D:/Hword/wx/maomao/Creator3.6Jump/assets/Scripts/GameManager.ts.
debug: Detected change: file:///D:/Hword/wx/maomao/Creator3.6Jump/assets/Scripts/GameManager.ts. Last mtime: Sun Oct 16 2022 14:18:43 GMT+0800 (中国标准时间)@94fef229-f85b-4b75-bf2c-4e148e13212a, Current mtime: Sun Oct 16 2022 14:19:53 GMT+0800 (中国标准时间)@94fef229-f85b-4b75-bf2c-4e148e13212a
debug: Inspect file:///D:/Hword/wx/maomao/Creator3.6Jump/assets/Scripts/GameManager.ts
debug: Resolve cce:/internal/code-quality/cr.mjs from file:///D:/Hword/wx/maomao/Creator3.6Jump/assets/Scripts/GameManager.ts as cce:/internal/code-quality/cr.mjs.
debug: Resolve cc from file:///D:/Hword/wx/maomao/Creator3.6Jump/assets/Scripts/GameManager.ts as cce:/internal/x/cc.
debug: Resolve cc from file:///D:/Hword/wx/maomao/Creator3.6Jump/assets/Scripts/GameManager.ts as cce:/internal/x/cc.
debug: Resolve cc from file:///D:/Hword/wx/maomao/Creator3.6Jump/assets/Scripts/GameManager.ts as cce:/internal/x/cc.
debug: Resolve ./PlayerController from file:///D:/Hword/wx/maomao/Creator3.6Jump/assets/Scripts/GameManager.ts as file:///D:/Hword/wx/maomao/Creator3.6Jump/assets/Scripts/PlayerController.ts.
debug: Detected change: file:///D:/Hword/wx/maomao/Creator3.6Jump/assets/Scripts/PlayerController.ts. Last mtime: Sun Oct 16 2022 14:18:42 GMT+0800 (中国标准时间)@8c167e20-e0bf-4add-9c5b-e6af100b403e, Current mtime: Sun Oct 16 2022 14:20:05 GMT+0800 (中国标准时间)@8c167e20-e0bf-4add-9c5b-e6af100b403e
debug: Inspect file:///D:/Hword/wx/maomao/Creator3.6Jump/assets/Scripts/PlayerController.ts
debug: Resolve cc from file:///D:/Hword/wx/maomao/Creator3.6Jump/assets/Scripts/PlayerController.ts as cce:/internal/x/cc.
debug: Resolve cc from file:///D:/Hword/wx/maomao/Creator3.6Jump/assets/Scripts/PlayerController.ts as cce:/internal/x/cc.
debug: Resolve cc from file:///D:/Hword/wx/maomao/Creator3.6Jump/assets/Scripts/PlayerController.ts as cce:/internal/x/cc.
debug: Resolve file:///D:/Hword/wx/maomao/Creator3.6Jump/assets/Scripts/PlayerController.ts from cce:/internal/x/prerequisite-imports as file:///D:/Hword/wx/maomao/Creator3.6Jump/assets/Scripts/PlayerController.ts.
debug: Target(preview) ends with cost 244.46639966964722ms.
